ARM GAS  C:\Users\Rolf\AppData\Local\Temp\ccuXirDe.s 			page 1


   1              		.syntax unified
   2              		.cpu cortex-m4
   3              		.eabi_attribute 27, 1
   4              		.fpu fpv4-sp-d16
   5              		.eabi_attribute 20, 1
   6              		.eabi_attribute 21, 1
   7              		.eabi_attribute 23, 3
   8              		.eabi_attribute 24, 1
   9              		.eabi_attribute 25, 1
  10              		.eabi_attribute 26, 1
  11              		.eabi_attribute 30, 1
  12              		.eabi_attribute 34, 1
  13              		.eabi_attribute 18, 4
  14              		.thumb
  15              		.syntax unified
  16              		.file	"ADC_INIT.c"
  17              		.text
  18              	.Ltext0:
  19              		.cfi_sections	.debug_frame
  20              		.global	ADC_allConfigs
  21              		.section	.rodata
  22              		.align	2
  23              		.type	ADC_allConfigs, %object
  24              		.size	ADC_allConfigs, 20
  25              	ADC_allConfigs:
  26 0000 00000000 		.word	0
  27 0004 01000000 		.word	1
  28 0008 14000000 		.word	ADC_hwConfigs
  29 000c 01000000 		.word	1
  30 0010 01000000 		.word	1
  31              		.type	ADC_hwConfigs, %object
  32              		.size	ADC_hwConfigs, 120
  33              	ADC_hwConfigs:
  34 0014 74C02055 		.word	1428209780
  35 0018 AC000490 		.word	-1878785876
  36 001c 24000200 		.word	131108
  37 0020 02000200 		.word	131074
  38 0024 FD01000E 		.word	234881533
  39 0028 00       		.byte	0
  40 0029 000000   		.space	3
  41 002c 01000000 		.word	1
  42 0030 00040000 		.word	1024
  43 0034 00000000 		.word	0
  44 0038 00000000 		.word	0
  45 003c 00000000 		.word	0
  46 0040 00000000 		.word	0
  47 0044 00000000 		.word	0
  48 0048 00000000 		.word	0
  49 004c 00000000 		.word	0
  50 0050 00000000 		.word	0
  51 0054 00000000 		.word	0
  52 0058 00000000 		.word	0
  53 005c 00000000 		.word	0
  54 0060 00000000 		.word	0
  55 0064 00000000 		.word	0
  56 0068 00000000 		.word	0
  57 006c 00000000 		.word	0
ARM GAS  C:\Users\Rolf\AppData\Local\Temp\ccuXirDe.s 			page 2


  58 0070 01000000 		.word	1
  59 0074 00000000 		.word	0
  60 0078 00000000 		.word	0
  61 007c 00000000 		.word	0
  62 0080 00000000 		.word	0
  63 0084 00       		.byte	0
  64 0085 000000   		.space	3
  65 0088 E40C0000 		.word	3300
  66              		.text
  67              	.Letext0:
  68              		.file 1 "c:\\program files (x86)\\cypress\\psoc creator\\4.4\\4.4\\psoc creator\\import\\gnu\\arm\
  69              		.file 2 "c:\\program files (x86)\\cypress\\psoc creator\\4.4\\4.4\\psoc creator\\import\\gnu\\arm\
  70              		.file 3 "Generated_Source\\PSoC6\\pdl\\drivers/peripheral/device/cy_device.h"
  71              		.file 4 "Generated_Source\\PSoC6\\pdl\\drivers/peripheral/syslib/cy_syslib.h"
  72              		.file 5 "Generated_Source\\PSoC6\\pdl\\drivers/peripheral/sar/cy_sar.h"
  73              		.file 6 "Generated_Source\\PSoC6\\ADC.h"
  74              		.file 7 "Generated_Source\\PSoC6\\pdl\\cmsis/include/core_cm4.h"
  75              		.file 8 "Generated_Source\\PSoC6\\ADC_INIT.c"
  76              		.section	.debug_info,"",%progbits
  77              	.Ldebug_info0:
  78 0000 1A070000 		.4byte	0x71a
  79 0004 0400     		.2byte	0x4
  80 0006 00000000 		.4byte	.Ldebug_abbrev0
  81 000a 04       		.byte	0x4
  82 000b 01       		.uleb128 0x1
  83 000c DF050000 		.4byte	.LASF144
  84 0010 0C       		.byte	0xc
  85 0011 2D050000 		.4byte	.LASF145
  86 0015 31030000 		.4byte	.LASF146
  87 0019 00000000 		.4byte	.Ldebug_line0
  88 001d 02       		.uleb128 0x2
  89 001e 02       		.byte	0x2
  90 001f 05       		.byte	0x5
  91 0020 2D070000 		.4byte	.LASF0
  92 0024 02       		.uleb128 0x2
  93 0025 01       		.byte	0x1
  94 0026 06       		.byte	0x6
  95 0027 93010000 		.4byte	.LASF1
  96 002b 03       		.uleb128 0x3
  97 002c 7E000000 		.4byte	.LASF3
  98 0030 01       		.byte	0x1
  99 0031 1D       		.byte	0x1d
 100 0032 36000000 		.4byte	0x36
 101 0036 02       		.uleb128 0x2
 102 0037 01       		.byte	0x1
 103 0038 08       		.byte	0x8
 104 0039 0B070000 		.4byte	.LASF2
 105 003d 03       		.uleb128 0x3
 106 003e 27030000 		.4byte	.LASF4
 107 0042 01       		.byte	0x1
 108 0043 29       		.byte	0x29
 109 0044 1D000000 		.4byte	0x1d
 110 0048 03       		.uleb128 0x3
 111 0049 DD070000 		.4byte	.LASF5
 112 004d 01       		.byte	0x1
 113 004e 2B       		.byte	0x2b
 114 004f 53000000 		.4byte	0x53
ARM GAS  C:\Users\Rolf\AppData\Local\Temp\ccuXirDe.s 			page 3


 115 0053 02       		.uleb128 0x2
 116 0054 02       		.byte	0x2
 117 0055 07       		.byte	0x7
 118 0056 C7020000 		.4byte	.LASF6
 119 005a 03       		.uleb128 0x3
 120 005b FB070000 		.4byte	.LASF7
 121 005f 01       		.byte	0x1
 122 0060 3F       		.byte	0x3f
 123 0061 65000000 		.4byte	0x65
 124 0065 02       		.uleb128 0x2
 125 0066 04       		.byte	0x4
 126 0067 05       		.byte	0x5
 127 0068 2D020000 		.4byte	.LASF8
 128 006c 03       		.uleb128 0x3
 129 006d 00030000 		.4byte	.LASF9
 130 0071 01       		.byte	0x1
 131 0072 41       		.byte	0x41
 132 0073 77000000 		.4byte	0x77
 133 0077 02       		.uleb128 0x2
 134 0078 04       		.byte	0x4
 135 0079 07       		.byte	0x7
 136 007a EF030000 		.4byte	.LASF10
 137 007e 02       		.uleb128 0x2
 138 007f 08       		.byte	0x8
 139 0080 05       		.byte	0x5
 140 0081 85010000 		.4byte	.LASF11
 141 0085 02       		.uleb128 0x2
 142 0086 08       		.byte	0x8
 143 0087 07       		.byte	0x7
 144 0088 EB000000 		.4byte	.LASF12
 145 008c 04       		.uleb128 0x4
 146 008d 04       		.byte	0x4
 147 008e 05       		.byte	0x5
 148 008f 696E7400 		.ascii	"int\000"
 149 0093 02       		.uleb128 0x2
 150 0094 04       		.byte	0x4
 151 0095 07       		.byte	0x7
 152 0096 C7030000 		.4byte	.LASF13
 153 009a 03       		.uleb128 0x3
 154 009b A5080000 		.4byte	.LASF14
 155 009f 02       		.byte	0x2
 156 00a0 18       		.byte	0x18
 157 00a1 2B000000 		.4byte	0x2b
 158 00a5 03       		.uleb128 0x3
 159 00a6 69010000 		.4byte	.LASF15
 160 00aa 02       		.byte	0x2
 161 00ab 20       		.byte	0x20
 162 00ac 3D000000 		.4byte	0x3d
 163 00b0 03       		.uleb128 0x3
 164 00b1 D4030000 		.4byte	.LASF16
 165 00b5 02       		.byte	0x2
 166 00b6 24       		.byte	0x24
 167 00b7 48000000 		.4byte	0x48
 168 00bb 03       		.uleb128 0x3
 169 00bc 03070000 		.4byte	.LASF17
 170 00c0 02       		.byte	0x2
 171 00c1 2C       		.byte	0x2c
ARM GAS  C:\Users\Rolf\AppData\Local\Temp\ccuXirDe.s 			page 4


 172 00c2 5A000000 		.4byte	0x5a
 173 00c6 03       		.uleb128 0x3
 174 00c7 8E070000 		.4byte	.LASF18
 175 00cb 02       		.byte	0x2
 176 00cc 30       		.byte	0x30
 177 00cd 6C000000 		.4byte	0x6c
 178 00d1 02       		.uleb128 0x2
 179 00d2 04       		.byte	0x4
 180 00d3 07       		.byte	0x7
 181 00d4 19050000 		.4byte	.LASF19
 182 00d8 02       		.uleb128 0x2
 183 00d9 08       		.byte	0x8
 184 00da 04       		.byte	0x4
 185 00db A3070000 		.4byte	.LASF20
 186 00df 05       		.uleb128 0x5
 187 00e0 B8       		.byte	0xb8
 188 00e1 03       		.byte	0x3
 189 00e2 34       		.byte	0x34
 190 00e3 F0040000 		.4byte	0x4f0
 191 00e7 06       		.uleb128 0x6
 192 00e8 C0000000 		.4byte	.LASF21
 193 00ec 03       		.byte	0x3
 194 00ed 37       		.byte	0x37
 195 00ee C6000000 		.4byte	0xc6
 196 00f2 00       		.byte	0
 197 00f3 06       		.uleb128 0x6
 198 00f4 F5020000 		.4byte	.LASF22
 199 00f8 03       		.byte	0x3
 200 00f9 38       		.byte	0x38
 201 00fa C6000000 		.4byte	0xc6
 202 00fe 04       		.byte	0x4
 203 00ff 06       		.uleb128 0x6
 204 0100 44020000 		.4byte	.LASF23
 205 0104 03       		.byte	0x3
 206 0105 39       		.byte	0x39
 207 0106 C6000000 		.4byte	0xc6
 208 010a 08       		.byte	0x8
 209 010b 06       		.uleb128 0x6
 210 010c DC060000 		.4byte	.LASF24
 211 0110 03       		.byte	0x3
 212 0111 3A       		.byte	0x3a
 213 0112 C6000000 		.4byte	0xc6
 214 0116 0C       		.byte	0xc
 215 0117 06       		.uleb128 0x6
 216 0118 E2010000 		.4byte	.LASF25
 217 011c 03       		.byte	0x3
 218 011d 3B       		.byte	0x3b
 219 011e C6000000 		.4byte	0xc6
 220 0122 10       		.byte	0x10
 221 0123 06       		.uleb128 0x6
 222 0124 0B020000 		.4byte	.LASF26
 223 0128 03       		.byte	0x3
 224 0129 3C       		.byte	0x3c
 225 012a C6000000 		.4byte	0xc6
 226 012e 14       		.byte	0x14
 227 012f 06       		.uleb128 0x6
 228 0130 0C040000 		.4byte	.LASF27
ARM GAS  C:\Users\Rolf\AppData\Local\Temp\ccuXirDe.s 			page 5


 229 0134 03       		.byte	0x3
 230 0135 3D       		.byte	0x3d
 231 0136 C6000000 		.4byte	0xc6
 232 013a 18       		.byte	0x18
 233 013b 06       		.uleb128 0x6
 234 013c 67000000 		.4byte	.LASF28
 235 0140 03       		.byte	0x3
 236 0141 3E       		.byte	0x3e
 237 0142 C6000000 		.4byte	0xc6
 238 0146 1C       		.byte	0x1c
 239 0147 06       		.uleb128 0x6
 240 0148 30090000 		.4byte	.LASF29
 241 014c 03       		.byte	0x3
 242 014d 3F       		.byte	0x3f
 243 014e C6000000 		.4byte	0xc6
 244 0152 20       		.byte	0x20
 245 0153 06       		.uleb128 0x6
 246 0154 B9050000 		.4byte	.LASF30
 247 0158 03       		.byte	0x3
 248 0159 40       		.byte	0x40
 249 015a C6000000 		.4byte	0xc6
 250 015e 24       		.byte	0x24
 251 015f 06       		.uleb128 0x6
 252 0160 EB040000 		.4byte	.LASF31
 253 0164 03       		.byte	0x3
 254 0165 43       		.byte	0x43
 255 0166 9A000000 		.4byte	0x9a
 256 016a 28       		.byte	0x28
 257 016b 06       		.uleb128 0x6
 258 016c 4D000000 		.4byte	.LASF32
 259 0170 03       		.byte	0x3
 260 0171 44       		.byte	0x44
 261 0172 9A000000 		.4byte	0x9a
 262 0176 29       		.byte	0x29
 263 0177 06       		.uleb128 0x6
 264 0178 26090000 		.4byte	.LASF33
 265 017c 03       		.byte	0x3
 266 017d 45       		.byte	0x45
 267 017e 9A000000 		.4byte	0x9a
 268 0182 2A       		.byte	0x2a
 269 0183 06       		.uleb128 0x6
 270 0184 AB050000 		.4byte	.LASF34
 271 0188 03       		.byte	0x3
 272 0189 46       		.byte	0x46
 273 018a 9A000000 		.4byte	0x9a
 274 018e 2B       		.byte	0x2b
 275 018f 06       		.uleb128 0x6
 276 0190 5E040000 		.4byte	.LASF35
 277 0194 03       		.byte	0x3
 278 0195 47       		.byte	0x47
 279 0196 9A000000 		.4byte	0x9a
 280 019a 2C       		.byte	0x2c
 281 019b 06       		.uleb128 0x6
 282 019c 05080000 		.4byte	.LASF36
 283 01a0 03       		.byte	0x3
 284 01a1 48       		.byte	0x48
 285 01a2 9A000000 		.4byte	0x9a
ARM GAS  C:\Users\Rolf\AppData\Local\Temp\ccuXirDe.s 			page 6


 286 01a6 2D       		.byte	0x2d
 287 01a7 06       		.uleb128 0x6
 288 01a8 EB010000 		.4byte	.LASF37
 289 01ac 03       		.byte	0x3
 290 01ad 49       		.byte	0x49
 291 01ae 9A000000 		.4byte	0x9a
 292 01b2 2E       		.byte	0x2e
 293 01b3 06       		.uleb128 0x6
 294 01b4 F8040000 		.4byte	.LASF38
 295 01b8 03       		.byte	0x3
 296 01b9 4A       		.byte	0x4a
 297 01ba 9A000000 		.4byte	0x9a
 298 01be 2F       		.byte	0x2f
 299 01bf 06       		.uleb128 0x6
 300 01c0 B4070000 		.4byte	.LASF39
 301 01c4 03       		.byte	0x3
 302 01c5 4B       		.byte	0x4b
 303 01c6 9A000000 		.4byte	0x9a
 304 01ca 30       		.byte	0x30
 305 01cb 06       		.uleb128 0x6
 306 01cc 01040000 		.4byte	.LASF40
 307 01d0 03       		.byte	0x3
 308 01d1 4E       		.byte	0x4e
 309 01d2 9A000000 		.4byte	0x9a
 310 01d6 31       		.byte	0x31
 311 01d7 06       		.uleb128 0x6
 312 01d8 70000000 		.4byte	.LASF41
 313 01dc 03       		.byte	0x3
 314 01dd 4F       		.byte	0x4f
 315 01de 9A000000 		.4byte	0x9a
 316 01e2 32       		.byte	0x32
 317 01e3 06       		.uleb128 0x6
 318 01e4 BB030000 		.4byte	.LASF42
 319 01e8 03       		.byte	0x3
 320 01e9 50       		.byte	0x50
 321 01ea 9A000000 		.4byte	0x9a
 322 01ee 33       		.byte	0x33
 323 01ef 06       		.uleb128 0x6
 324 01f0 60090000 		.4byte	.LASF43
 325 01f4 03       		.byte	0x3
 326 01f5 51       		.byte	0x51
 327 01f6 9A000000 		.4byte	0x9a
 328 01fa 34       		.byte	0x34
 329 01fb 06       		.uleb128 0x6
 330 01fc 4D080000 		.4byte	.LASF44
 331 0200 03       		.byte	0x3
 332 0201 52       		.byte	0x52
 333 0202 A5000000 		.4byte	0xa5
 334 0206 36       		.byte	0x36
 335 0207 06       		.uleb128 0x6
 336 0208 76020000 		.4byte	.LASF45
 337 020c 03       		.byte	0x3
 338 020d 53       		.byte	0x53
 339 020e A5000000 		.4byte	0xa5
 340 0212 38       		.byte	0x38
 341 0213 06       		.uleb128 0x6
 342 0214 75080000 		.4byte	.LASF46
ARM GAS  C:\Users\Rolf\AppData\Local\Temp\ccuXirDe.s 			page 7


 343 0218 03       		.byte	0x3
 344 0219 54       		.byte	0x54
 345 021a A5000000 		.4byte	0xa5
 346 021e 3A       		.byte	0x3a
 347 021f 06       		.uleb128 0x6
 348 0220 07090000 		.4byte	.LASF47
 349 0224 03       		.byte	0x3
 350 0225 55       		.byte	0x55
 351 0226 9A000000 		.4byte	0x9a
 352 022a 3C       		.byte	0x3c
 353 022b 06       		.uleb128 0x6
 354 022c 9D020000 		.4byte	.LASF48
 355 0230 03       		.byte	0x3
 356 0231 56       		.byte	0x56
 357 0232 9A000000 		.4byte	0x9a
 358 0236 3D       		.byte	0x3d
 359 0237 06       		.uleb128 0x6
 360 0238 5E070000 		.4byte	.LASF49
 361 023c 03       		.byte	0x3
 362 023d 57       		.byte	0x57
 363 023e 9A000000 		.4byte	0x9a
 364 0242 3E       		.byte	0x3e
 365 0243 06       		.uleb128 0x6
 366 0244 5B000000 		.4byte	.LASF50
 367 0248 03       		.byte	0x3
 368 0249 58       		.byte	0x58
 369 024a 9A000000 		.4byte	0x9a
 370 024e 3F       		.byte	0x3f
 371 024f 06       		.uleb128 0x6
 372 0250 C4050000 		.4byte	.LASF51
 373 0254 03       		.byte	0x3
 374 0255 59       		.byte	0x59
 375 0256 9A000000 		.4byte	0x9a
 376 025a 40       		.byte	0x40
 377 025b 06       		.uleb128 0x6
 378 025c 0B030000 		.4byte	.LASF52
 379 0260 03       		.byte	0x3
 380 0261 5A       		.byte	0x5a
 381 0262 9A000000 		.4byte	0x9a
 382 0266 41       		.byte	0x41
 383 0267 06       		.uleb128 0x6
 384 0268 9D040000 		.4byte	.LASF53
 385 026c 03       		.byte	0x3
 386 026d 5B       		.byte	0x5b
 387 026e 9A000000 		.4byte	0x9a
 388 0272 42       		.byte	0x42
 389 0273 06       		.uleb128 0x6
 390 0274 A0050000 		.4byte	.LASF54
 391 0278 03       		.byte	0x3
 392 0279 5C       		.byte	0x5c
 393 027a 9A000000 		.4byte	0x9a
 394 027e 43       		.byte	0x43
 395 027f 06       		.uleb128 0x6
 396 0280 4D020000 		.4byte	.LASF55
 397 0284 03       		.byte	0x3
 398 0285 5D       		.byte	0x5d
 399 0286 9A000000 		.4byte	0x9a
ARM GAS  C:\Users\Rolf\AppData\Local\Temp\ccuXirDe.s 			page 8


 400 028a 44       		.byte	0x44
 401 028b 06       		.uleb128 0x6
 402 028c 00000000 		.4byte	.LASF56
 403 0290 03       		.byte	0x3
 404 0291 5E       		.byte	0x5e
 405 0292 C6000000 		.4byte	0xc6
 406 0296 48       		.byte	0x48
 407 0297 06       		.uleb128 0x6
 408 0298 36020000 		.4byte	.LASF57
 409 029c 03       		.byte	0x3
 410 029d 5F       		.byte	0x5f
 411 029e C6000000 		.4byte	0xc6
 412 02a2 4C       		.byte	0x4c
 413 02a3 06       		.uleb128 0x6
 414 02a4 71090000 		.4byte	.LASF58
 415 02a8 03       		.byte	0x3
 416 02a9 60       		.byte	0x60
 417 02aa 9A000000 		.4byte	0x9a
 418 02ae 50       		.byte	0x50
 419 02af 06       		.uleb128 0x6
 420 02b0 43010000 		.4byte	.LASF59
 421 02b4 03       		.byte	0x3
 422 02b5 61       		.byte	0x61
 423 02b6 9A000000 		.4byte	0x9a
 424 02ba 51       		.byte	0x51
 425 02bb 06       		.uleb128 0x6
 426 02bc 8A080000 		.4byte	.LASF60
 427 02c0 03       		.byte	0x3
 428 02c1 62       		.byte	0x62
 429 02c2 9A000000 		.4byte	0x9a
 430 02c6 52       		.byte	0x52
 431 02c7 06       		.uleb128 0x6
 432 02c8 4E090000 		.4byte	.LASF61
 433 02cc 03       		.byte	0x3
 434 02cd 63       		.byte	0x63
 435 02ce 9A000000 		.4byte	0x9a
 436 02d2 53       		.byte	0x53
 437 02d3 06       		.uleb128 0x6
 438 02d4 6C070000 		.4byte	.LASF62
 439 02d8 03       		.byte	0x3
 440 02d9 64       		.byte	0x64
 441 02da 9A000000 		.4byte	0x9a
 442 02de 54       		.byte	0x54
 443 02df 06       		.uleb128 0x6
 444 02e0 55010000 		.4byte	.LASF63
 445 02e4 03       		.byte	0x3
 446 02e5 65       		.byte	0x65
 447 02e6 9A000000 		.4byte	0x9a
 448 02ea 55       		.byte	0x55
 449 02eb 06       		.uleb128 0x6
 450 02ec 17080000 		.4byte	.LASF64
 451 02f0 03       		.byte	0x3
 452 02f1 66       		.byte	0x66
 453 02f2 9A000000 		.4byte	0x9a
 454 02f6 56       		.byte	0x56
 455 02f7 06       		.uleb128 0x6
 456 02f8 15040000 		.4byte	.LASF65
ARM GAS  C:\Users\Rolf\AppData\Local\Temp\ccuXirDe.s 			page 9


 457 02fc 03       		.byte	0x3
 458 02fd 67       		.byte	0x67
 459 02fe 9A000000 		.4byte	0x9a
 460 0302 57       		.byte	0x57
 461 0303 06       		.uleb128 0x6
 462 0304 12000000 		.4byte	.LASF66
 463 0308 03       		.byte	0x3
 464 0309 68       		.byte	0x68
 465 030a 9A000000 		.4byte	0x9a
 466 030e 58       		.byte	0x58
 467 030f 06       		.uleb128 0x6
 468 0310 19070000 		.4byte	.LASF67
 469 0314 03       		.byte	0x3
 470 0315 69       		.byte	0x69
 471 0316 9A000000 		.4byte	0x9a
 472 031a 59       		.byte	0x59
 473 031b 06       		.uleb128 0x6
 474 031c 22050000 		.4byte	.LASF68
 475 0320 03       		.byte	0x3
 476 0321 6E       		.byte	0x6e
 477 0322 B0000000 		.4byte	0xb0
 478 0326 5A       		.byte	0x5a
 479 0327 06       		.uleb128 0x6
 480 0328 36080000 		.4byte	.LASF69
 481 032c 03       		.byte	0x3
 482 032d 6F       		.byte	0x6f
 483 032e B0000000 		.4byte	0xb0
 484 0332 5C       		.byte	0x5c
 485 0333 06       		.uleb128 0x6
 486 0334 CA000000 		.4byte	.LASF70
 487 0338 03       		.byte	0x3
 488 0339 70       		.byte	0x70
 489 033a 9A000000 		.4byte	0x9a
 490 033e 5E       		.byte	0x5e
 491 033f 06       		.uleb128 0x6
 492 0340 BF060000 		.4byte	.LASF71
 493 0344 03       		.byte	0x3
 494 0345 71       		.byte	0x71
 495 0346 9A000000 		.4byte	0x9a
 496 034a 5F       		.byte	0x5f
 497 034b 06       		.uleb128 0x6
 498 034c 8F050000 		.4byte	.LASF72
 499 0350 03       		.byte	0x3
 500 0351 72       		.byte	0x72
 501 0352 9A000000 		.4byte	0x9a
 502 0356 60       		.byte	0x60
 503 0357 06       		.uleb128 0x6
 504 0358 98060000 		.4byte	.LASF73
 505 035c 03       		.byte	0x3
 506 035d 73       		.byte	0x73
 507 035e C6000000 		.4byte	0xc6
 508 0362 64       		.byte	0x64
 509 0363 06       		.uleb128 0x6
 510 0364 02010000 		.4byte	.LASF74
 511 0368 03       		.byte	0x3
 512 0369 76       		.byte	0x76
 513 036a B0000000 		.4byte	0xb0
ARM GAS  C:\Users\Rolf\AppData\Local\Temp\ccuXirDe.s 			page 10


 514 036e 68       		.byte	0x68
 515 036f 06       		.uleb128 0x6
 516 0370 DD030000 		.4byte	.LASF75
 517 0374 03       		.byte	0x3
 518 0375 77       		.byte	0x77
 519 0376 B0000000 		.4byte	0xb0
 520 037a 6A       		.byte	0x6a
 521 037b 06       		.uleb128 0x6
 522 037c 29040000 		.4byte	.LASF76
 523 0380 03       		.byte	0x3
 524 0381 78       		.byte	0x78
 525 0382 B0000000 		.4byte	0xb0
 526 0386 6C       		.byte	0x6c
 527 0387 06       		.uleb128 0x6
 528 0388 51040000 		.4byte	.LASF77
 529 038c 03       		.byte	0x3
 530 038d 79       		.byte	0x79
 531 038e B0000000 		.4byte	0xb0
 532 0392 6E       		.byte	0x6e
 533 0393 06       		.uleb128 0x6
 534 0394 4A070000 		.4byte	.LASF78
 535 0398 03       		.byte	0x3
 536 0399 7B       		.byte	0x7b
 537 039a 9A000000 		.4byte	0x9a
 538 039e 70       		.byte	0x70
 539 039f 06       		.uleb128 0x6
 540 03a0 9F010000 		.4byte	.LASF79
 541 03a4 03       		.byte	0x3
 542 03a5 7C       		.byte	0x7c
 543 03a6 9A000000 		.4byte	0x9a
 544 03aa 71       		.byte	0x71
 545 03ab 06       		.uleb128 0x6
 546 03ac 38090000 		.4byte	.LASF80
 547 03b0 03       		.byte	0x3
 548 03b1 7D       		.byte	0x7d
 549 03b2 9A000000 		.4byte	0x9a
 550 03b6 72       		.byte	0x72
 551 03b7 06       		.uleb128 0x6
 552 03b8 5C050000 		.4byte	.LASF81
 553 03bc 03       		.byte	0x3
 554 03bd 7E       		.byte	0x7e
 555 03be 9A000000 		.4byte	0x9a
 556 03c2 73       		.byte	0x73
 557 03c3 06       		.uleb128 0x6
 558 03c4 7C070000 		.4byte	.LASF82
 559 03c8 03       		.byte	0x3
 560 03c9 80       		.byte	0x80
 561 03ca B0000000 		.4byte	0xb0
 562 03ce 74       		.byte	0x74
 563 03cf 06       		.uleb128 0x6
 564 03d0 E8070000 		.4byte	.LASF83
 565 03d4 03       		.byte	0x3
 566 03d5 81       		.byte	0x81
 567 03d6 B0000000 		.4byte	0xb0
 568 03da 76       		.byte	0x76
 569 03db 06       		.uleb128 0x6
 570 03dc 88020000 		.4byte	.LASF84
ARM GAS  C:\Users\Rolf\AppData\Local\Temp\ccuXirDe.s 			page 11


 571 03e0 03       		.byte	0x3
 572 03e1 82       		.byte	0x82
 573 03e2 B0000000 		.4byte	0xb0
 574 03e6 78       		.byte	0x78
 575 03e7 06       		.uleb128 0x6
 576 03e8 94000000 		.4byte	.LASF85
 577 03ec 03       		.byte	0x3
 578 03ed 83       		.byte	0x83
 579 03ee B0000000 		.4byte	0xb0
 580 03f2 7A       		.byte	0x7a
 581 03f3 06       		.uleb128 0x6
 582 03f4 C2080000 		.4byte	.LASF86
 583 03f8 03       		.byte	0x3
 584 03f9 86       		.byte	0x86
 585 03fa 9A000000 		.4byte	0x9a
 586 03fe 7C       		.byte	0x7c
 587 03ff 06       		.uleb128 0x6
 588 0400 5A080000 		.4byte	.LASF87
 589 0404 03       		.byte	0x3
 590 0405 87       		.byte	0x87
 591 0406 9A000000 		.4byte	0x9a
 592 040a 7D       		.byte	0x7d
 593 040b 06       		.uleb128 0x6
 594 040c 26000000 		.4byte	.LASF88
 595 0410 03       		.byte	0x3
 596 0411 88       		.byte	0x88
 597 0412 9A000000 		.4byte	0x9a
 598 0416 7E       		.byte	0x7e
 599 0417 06       		.uleb128 0x6
 600 0418 E1020000 		.4byte	.LASF89
 601 041c 03       		.byte	0x3
 602 041d 89       		.byte	0x89
 603 041e 9A000000 		.4byte	0x9a
 604 0422 7F       		.byte	0x7f
 605 0423 06       		.uleb128 0x6
 606 0424 A7030000 		.4byte	.LASF90
 607 0428 03       		.byte	0x3
 608 0429 8A       		.byte	0x8a
 609 042a 9A000000 		.4byte	0x9a
 610 042e 80       		.byte	0x80
 611 042f 06       		.uleb128 0x6
 612 0430 D4040000 		.4byte	.LASF91
 613 0434 03       		.byte	0x3
 614 0435 8D       		.byte	0x8d
 615 0436 C6000000 		.4byte	0xc6
 616 043a 84       		.byte	0x84
 617 043b 06       		.uleb128 0x6
 618 043c A9000000 		.4byte	.LASF92
 619 0440 03       		.byte	0x3
 620 0441 8E       		.byte	0x8e
 621 0442 C6000000 		.4byte	0xc6
 622 0446 88       		.byte	0x88
 623 0447 06       		.uleb128 0x6
 624 0448 AD080000 		.4byte	.LASF93
 625 044c 03       		.byte	0x3
 626 044d 8F       		.byte	0x8f
 627 044e C6000000 		.4byte	0xc6
ARM GAS  C:\Users\Rolf\AppData\Local\Temp\ccuXirDe.s 			page 12


 628 0452 8C       		.byte	0x8c
 629 0453 06       		.uleb128 0x6
 630 0454 04050000 		.4byte	.LASF94
 631 0458 03       		.byte	0x3
 632 0459 90       		.byte	0x90
 633 045a C6000000 		.4byte	0xc6
 634 045e 90       		.byte	0x90
 635 045f 06       		.uleb128 0x6
 636 0460 92030000 		.4byte	.LASF95
 637 0464 03       		.byte	0x3
 638 0465 91       		.byte	0x91
 639 0466 C6000000 		.4byte	0xc6
 640 046a 94       		.byte	0x94
 641 046b 06       		.uleb128 0x6
 642 046c BE040000 		.4byte	.LASF96
 643 0470 03       		.byte	0x3
 644 0471 92       		.byte	0x92
 645 0472 C6000000 		.4byte	0xc6
 646 0476 98       		.byte	0x98
 647 0477 06       		.uleb128 0x6
 648 0478 F1080000 		.4byte	.LASF97
 649 047c 03       		.byte	0x3
 650 047d 93       		.byte	0x93
 651 047e C6000000 		.4byte	0xc6
 652 0482 9C       		.byte	0x9c
 653 0483 06       		.uleb128 0x6
 654 0484 12010000 		.4byte	.LASF98
 655 0488 03       		.byte	0x3
 656 0489 94       		.byte	0x94
 657 048a C6000000 		.4byte	0xc6
 658 048e A0       		.byte	0xa0
 659 048f 06       		.uleb128 0x6
 660 0490 F6010000 		.4byte	.LASF99
 661 0494 03       		.byte	0x3
 662 0495 95       		.byte	0x95
 663 0496 B0000000 		.4byte	0xb0
 664 049a A4       		.byte	0xa4
 665 049b 06       		.uleb128 0x6
 666 049c A9040000 		.4byte	.LASF100
 667 04a0 03       		.byte	0x3
 668 04a1 96       		.byte	0x96
 669 04a2 B0000000 		.4byte	0xb0
 670 04a6 A6       		.byte	0xa6
 671 04a7 06       		.uleb128 0x6
 672 04a8 B3060000 		.4byte	.LASF101
 673 04ac 03       		.byte	0x3
 674 04ad 97       		.byte	0x97
 675 04ae B0000000 		.4byte	0xb0
 676 04b2 A8       		.byte	0xa8
 677 04b3 06       		.uleb128 0x6
 678 04b4 C0070000 		.4byte	.LASF102
 679 04b8 03       		.byte	0x3
 680 04b9 98       		.byte	0x98
 681 04ba B0000000 		.4byte	0xb0
 682 04be AA       		.byte	0xaa
 683 04bf 06       		.uleb128 0x6
 684 04c0 38040000 		.4byte	.LASF103
ARM GAS  C:\Users\Rolf\AppData\Local\Temp\ccuXirDe.s 			page 13


 685 04c4 03       		.byte	0x3
 686 04c5 99       		.byte	0x99
 687 04c6 B0000000 		.4byte	0xb0
 688 04ca AC       		.byte	0xac
 689 04cb 06       		.uleb128 0x6
 690 04cc 73050000 		.4byte	.LASF104
 691 04d0 03       		.byte	0x3
 692 04d1 9A       		.byte	0x9a
 693 04d2 B0000000 		.4byte	0xb0
 694 04d6 AE       		.byte	0xae
 695 04d7 06       		.uleb128 0x6
 696 04d8 3F080000 		.4byte	.LASF105
 697 04dc 03       		.byte	0x3
 698 04dd 9D       		.byte	0x9d
 699 04de B0000000 		.4byte	0xb0
 700 04e2 B0       		.byte	0xb0
 701 04e3 06       		.uleb128 0x6
 702 04e4 39000000 		.4byte	.LASF106
 703 04e8 03       		.byte	0x3
 704 04e9 9E       		.byte	0x9e
 705 04ea C6000000 		.4byte	0xc6
 706 04ee B4       		.byte	0xb4
 707 04ef 00       		.byte	0
 708 04f0 03       		.uleb128 0x3
 709 04f1 76040000 		.4byte	.LASF107
 710 04f5 03       		.byte	0x3
 711 04f6 9F       		.byte	0x9f
 712 04f7 DF000000 		.4byte	0xdf
 713 04fb 02       		.uleb128 0x2
 714 04fc 01       		.byte	0x1
 715 04fd 08       		.byte	0x8
 716 04fe AF070000 		.4byte	.LASF108
 717 0502 02       		.uleb128 0x2
 718 0503 04       		.byte	0x4
 719 0504 04       		.byte	0x4
 720 0505 92060000 		.4byte	.LASF109
 721 0509 02       		.uleb128 0x2
 722 050a 08       		.byte	0x8
 723 050b 04       		.byte	0x4
 724 050c 81020000 		.4byte	.LASF110
 725 0510 07       		.uleb128 0x7
 726 0511 DA020000 		.4byte	.LASF111
 727 0515 04       		.byte	0x4
 728 0516 EC03     		.2byte	0x3ec
 729 0518 C6000000 		.4byte	0xc6
 730 051c 08       		.uleb128 0x8
 731 051d 01       		.byte	0x1
 732 051e 36000000 		.4byte	0x36
 733 0522 05       		.byte	0x5
 734 0523 1304     		.2byte	0x413
 735 0525 42050000 		.4byte	0x542
 736 0529 09       		.uleb128 0x9
 737 052a 15020000 		.4byte	.LASF112
 738 052e 00       		.byte	0
 739 052f 09       		.uleb128 0x9
 740 0530 E4060000 		.4byte	.LASF113
 741 0534 01       		.byte	0x1
ARM GAS  C:\Users\Rolf\AppData\Local\Temp\ccuXirDe.s 			page 14


 742 0535 09       		.uleb128 0x9
 743 0536 5E020000 		.4byte	.LASF114
 744 053a 02       		.byte	0x2
 745 053b 09       		.uleb128 0x9
 746 053c D7080000 		.4byte	.LASF115
 747 0540 03       		.byte	0x3
 748 0541 00       		.byte	0
 749 0542 07       		.uleb128 0x7
 750 0543 B4010000 		.4byte	.LASF116
 751 0547 05       		.byte	0x5
 752 0548 1804     		.2byte	0x418
 753 054a 1C050000 		.4byte	0x51c
 754 054e 0A       		.uleb128 0xa
 755 054f 78       		.byte	0x78
 756 0550 05       		.byte	0x5
 757 0551 0205     		.2byte	0x502
 758 0553 1B060000 		.4byte	0x61b
 759 0557 0B       		.uleb128 0xb
 760 0558 12080000 		.4byte	.LASF117
 761 055c 05       		.byte	0x5
 762 055d 0405     		.2byte	0x504
 763 055f C6000000 		.4byte	0xc6
 764 0563 00       		.byte	0
 765 0564 0B       		.uleb128 0xb
 766 0565 9A080000 		.4byte	.LASF118
 767 0569 05       		.byte	0x5
 768 056a 0505     		.2byte	0x505
 769 056c C6000000 		.4byte	0xc6
 770 0570 04       		.byte	0x4
 771 0571 0B       		.uleb128 0xb
 772 0572 BA020000 		.4byte	.LASF119
 773 0576 05       		.byte	0x5
 774 0577 0605     		.2byte	0x506
 775 0579 C6000000 		.4byte	0xc6
 776 057d 08       		.byte	0x8
 777 057e 0B       		.uleb128 0xb
 778 057f 4F050000 		.4byte	.LASF120
 779 0583 05       		.byte	0x5
 780 0584 0705     		.2byte	0x507
 781 0586 C6000000 		.4byte	0xc6
 782 058a 0C       		.byte	0xc
 783 058b 0B       		.uleb128 0xb
 784 058c 46040000 		.4byte	.LASF121
 785 0590 05       		.byte	0x5
 786 0591 0805     		.2byte	0x508
 787 0593 C6000000 		.4byte	0xc6
 788 0597 10       		.byte	0x10
 789 0598 0B       		.uleb128 0xb
 790 0599 6B080000 		.4byte	.LASF122
 791 059d 05       		.byte	0x5
 792 059e 0905     		.2byte	0x509
 793 05a0 42050000 		.4byte	0x542
 794 05a4 14       		.byte	0x14
 795 05a5 0B       		.uleb128 0xb
 796 05a6 D5060000 		.4byte	.LASF123
 797 05aa 05       		.byte	0x5
 798 05ab 0A05     		.2byte	0x50a
ARM GAS  C:\Users\Rolf\AppData\Local\Temp\ccuXirDe.s 			page 15


 799 05ad C6000000 		.4byte	0xc6
 800 05b1 18       		.byte	0x18
 801 05b2 0B       		.uleb128 0xb
 802 05b3 86040000 		.4byte	.LASF124
 803 05b7 05       		.byte	0x5
 804 05b8 0B05     		.2byte	0x50b
 805 05ba 1B060000 		.4byte	0x61b
 806 05be 1C       		.byte	0x1c
 807 05bf 0B       		.uleb128 0xb
 808 05c0 41070000 		.4byte	.LASF125
 809 05c4 05       		.byte	0x5
 810 05c5 0C05     		.2byte	0x50c
 811 05c7 C6000000 		.4byte	0xc6
 812 05cb 5C       		.byte	0x5c
 813 05cc 0B       		.uleb128 0xb
 814 05cd 88000000 		.4byte	.LASF126
 815 05d1 05       		.byte	0x5
 816 05d2 0D05     		.2byte	0x50d
 817 05d4 C6000000 		.4byte	0xc6
 818 05d8 60       		.byte	0x60
 819 05d9 0B       		.uleb128 0xb
 820 05da D1050000 		.4byte	.LASF127
 821 05de 05       		.byte	0x5
 822 05df 0E05     		.2byte	0x50e
 823 05e1 C6000000 		.4byte	0xc6
 824 05e5 64       		.byte	0x64
 825 05e6 0B       		.uleb128 0xb
 826 05e7 37070000 		.4byte	.LASF128
 827 05eb 05       		.byte	0x5
 828 05ec 0F05     		.2byte	0x50f
 829 05ee C6000000 		.4byte	0xc6
 830 05f2 68       		.byte	0x68
 831 05f3 0B       		.uleb128 0xb
 832 05f4 16090000 		.4byte	.LASF129
 833 05f8 05       		.byte	0x5
 834 05f9 1005     		.2byte	0x510
 835 05fb C6000000 		.4byte	0xc6
 836 05ff 6C       		.byte	0x6c
 837 0600 0B       		.uleb128 0xb
 838 0601 81050000 		.4byte	.LASF130
 839 0605 05       		.byte	0x5
 840 0606 1105     		.2byte	0x511
 841 0608 2B060000 		.4byte	0x62b
 842 060c 70       		.byte	0x70
 843 060d 0B       		.uleb128 0xb
 844 060e 97070000 		.4byte	.LASF131
 845 0612 05       		.byte	0x5
 846 0613 1205     		.2byte	0x512
 847 0615 C6000000 		.4byte	0xc6
 848 0619 74       		.byte	0x74
 849 061a 00       		.byte	0
 850 061b 0C       		.uleb128 0xc
 851 061c C6000000 		.4byte	0xc6
 852 0620 2B060000 		.4byte	0x62b
 853 0624 0D       		.uleb128 0xd
 854 0625 D1000000 		.4byte	0xd1
 855 0629 0F       		.byte	0xf
ARM GAS  C:\Users\Rolf\AppData\Local\Temp\ccuXirDe.s 			page 16


 856 062a 00       		.byte	0
 857 062b 02       		.uleb128 0x2
 858 062c 01       		.byte	0x1
 859 062d 02       		.byte	0x2
 860 062e FD060000 		.4byte	.LASF132
 861 0632 07       		.uleb128 0x7
 862 0633 71010000 		.4byte	.LASF133
 863 0637 05       		.byte	0x5
 864 0638 1305     		.2byte	0x513
 865 063a 4E050000 		.4byte	0x54e
 866 063e 05       		.uleb128 0x5
 867 063f 14       		.byte	0x14
 868 0640 06       		.byte	0x6
 869 0641 3B       		.byte	0x3b
 870 0642 83060000 		.4byte	0x683
 871 0646 06       		.uleb128 0x6
 872 0647 91040000 		.4byte	.LASF134
 873 064b 06       		.byte	0x6
 874 064c 3D       		.byte	0x3d
 875 064d C6000000 		.4byte	0xc6
 876 0651 00       		.byte	0
 877 0652 06       		.uleb128 0x6
 878 0653 6A040000 		.4byte	.LASF135
 879 0657 06       		.byte	0x6
 880 0658 3E       		.byte	0x3e
 881 0659 C6000000 		.4byte	0xc6
 882 065d 04       		.byte	0x4
 883 065e 06       		.uleb128 0x6
 884 065f 1B030000 		.4byte	.LASF136
 885 0663 06       		.byte	0x6
 886 0664 3F       		.byte	0x3f
 887 0665 83060000 		.4byte	0x683
 888 0669 08       		.byte	0x8
 889 066a 06       		.uleb128 0x6
 890 066b 2B080000 		.4byte	.LASF137
 891 066f 06       		.byte	0x6
 892 0670 40       		.byte	0x40
 893 0671 C6000000 		.4byte	0xc6
 894 0675 0C       		.byte	0xc
 895 0676 06       		.uleb128 0x6
 896 0677 D7010000 		.4byte	.LASF138
 897 067b 06       		.byte	0x6
 898 067c 45       		.byte	0x45
 899 067d C6000000 		.4byte	0xc6
 900 0681 10       		.byte	0x10
 901 0682 00       		.byte	0
 902 0683 0E       		.uleb128 0xe
 903 0684 04       		.byte	0x4
 904 0685 89060000 		.4byte	0x689
 905 0689 0F       		.uleb128 0xf
 906 068a 32060000 		.4byte	0x632
 907 068e 03       		.uleb128 0x3
 908 068f A8020000 		.4byte	.LASF139
 909 0693 06       		.byte	0x6
 910 0694 48       		.byte	0x48
 911 0695 3E060000 		.4byte	0x63e
 912 0699 0C       		.uleb128 0xc
ARM GAS  C:\Users\Rolf\AppData\Local\Temp\ccuXirDe.s 			page 17


 913 069a 89060000 		.4byte	0x689
 914 069e A9060000 		.4byte	0x6a9
 915 06a2 0D       		.uleb128 0xd
 916 06a3 D1000000 		.4byte	0xd1
 917 06a7 00       		.byte	0
 918 06a8 00       		.byte	0
 919 06a9 10       		.uleb128 0x10
 920 06aa 28010000 		.4byte	.LASF147
 921 06ae 08       		.byte	0x8
 922 06af 2A       		.byte	0x2a
 923 06b0 BA060000 		.4byte	0x6ba
 924 06b4 05       		.uleb128 0x5
 925 06b5 03       		.byte	0x3
 926 06b6 14000000 		.4byte	ADC_hwConfigs
 927 06ba 0F       		.uleb128 0xf
 928 06bb 99060000 		.4byte	0x699
 929 06bf 11       		.uleb128 0x11
 930 06c0 36010000 		.4byte	.LASF140
 931 06c4 07       		.byte	0x7
 932 06c5 F907     		.2byte	0x7f9
 933 06c7 CB060000 		.4byte	0x6cb
 934 06cb 12       		.uleb128 0x12
 935 06cc BB000000 		.4byte	0xbb
 936 06d0 13       		.uleb128 0x13
 937 06d1 A9060000 		.4byte	.LASF141
 938 06d5 03       		.byte	0x3
 939 06d6 A7       		.byte	0xa7
 940 06d7 DB060000 		.4byte	0x6db
 941 06db 0E       		.uleb128 0xe
 942 06dc 04       		.byte	0x4
 943 06dd E1060000 		.4byte	0x6e1
 944 06e1 0F       		.uleb128 0xf
 945 06e2 F0040000 		.4byte	0x4f0
 946 06e6 11       		.uleb128 0x11
 947 06e7 D9000000 		.4byte	.LASF142
 948 06eb 06       		.byte	0x6
 949 06ec 6001     		.2byte	0x160
 950 06ee C6000000 		.4byte	0xc6
 951 06f2 0C       		.uleb128 0xc
 952 06f3 02070000 		.4byte	0x702
 953 06f7 02070000 		.4byte	0x702
 954 06fb 0D       		.uleb128 0xd
 955 06fc D1000000 		.4byte	0xd1
 956 0700 00       		.byte	0
 957 0701 00       		.byte	0
 958 0702 0F       		.uleb128 0xf
 959 0703 8E060000 		.4byte	0x68e
 960 0707 14       		.uleb128 0x14
 961 0708 CE070000 		.4byte	.LASF143
 962 070c 08       		.byte	0x8
 963 070d 90       		.byte	0x90
 964 070e 18070000 		.4byte	0x718
 965 0712 05       		.uleb128 0x5
 966 0713 03       		.byte	0x3
 967 0714 00000000 		.4byte	ADC_allConfigs
 968 0718 0F       		.uleb128 0xf
 969 0719 F2060000 		.4byte	0x6f2
ARM GAS  C:\Users\Rolf\AppData\Local\Temp\ccuXirDe.s 			page 18


 970 071d 00       		.byte	0
 971              		.section	.debug_abbrev,"",%progbits
 972              	.Ldebug_abbrev0:
 973 0000 01       		.uleb128 0x1
 974 0001 11       		.uleb128 0x11
 975 0002 01       		.byte	0x1
 976 0003 25       		.uleb128 0x25
 977 0004 0E       		.uleb128 0xe
 978 0005 13       		.uleb128 0x13
 979 0006 0B       		.uleb128 0xb
 980 0007 03       		.uleb128 0x3
 981 0008 0E       		.uleb128 0xe
 982 0009 1B       		.uleb128 0x1b
 983 000a 0E       		.uleb128 0xe
 984 000b 10       		.uleb128 0x10
 985 000c 17       		.uleb128 0x17
 986 000d 00       		.byte	0
 987 000e 00       		.byte	0
 988 000f 02       		.uleb128 0x2
 989 0010 24       		.uleb128 0x24
 990 0011 00       		.byte	0
 991 0012 0B       		.uleb128 0xb
 992 0013 0B       		.uleb128 0xb
 993 0014 3E       		.uleb128 0x3e
 994 0015 0B       		.uleb128 0xb
 995 0016 03       		.uleb128 0x3
 996 0017 0E       		.uleb128 0xe
 997 0018 00       		.byte	0
 998 0019 00       		.byte	0
 999 001a 03       		.uleb128 0x3
 1000 001b 16       		.uleb128 0x16
 1001 001c 00       		.byte	0
 1002 001d 03       		.uleb128 0x3
 1003 001e 0E       		.uleb128 0xe
 1004 001f 3A       		.uleb128 0x3a
 1005 0020 0B       		.uleb128 0xb
 1006 0021 3B       		.uleb128 0x3b
 1007 0022 0B       		.uleb128 0xb
 1008 0023 49       		.uleb128 0x49
 1009 0024 13       		.uleb128 0x13
 1010 0025 00       		.byte	0
 1011 0026 00       		.byte	0
 1012 0027 04       		.uleb128 0x4
 1013 0028 24       		.uleb128 0x24
 1014 0029 00       		.byte	0
 1015 002a 0B       		.uleb128 0xb
 1016 002b 0B       		.uleb128 0xb
 1017 002c 3E       		.uleb128 0x3e
 1018 002d 0B       		.uleb128 0xb
 1019 002e 03       		.uleb128 0x3
 1020 002f 08       		.uleb128 0x8
 1021 0030 00       		.byte	0
 1022 0031 00       		.byte	0
 1023 0032 05       		.uleb128 0x5
 1024 0033 13       		.uleb128 0x13
 1025 0034 01       		.byte	0x1
 1026 0035 0B       		.uleb128 0xb
ARM GAS  C:\Users\Rolf\AppData\Local\Temp\ccuXirDe.s 			page 19


 1027 0036 0B       		.uleb128 0xb
 1028 0037 3A       		.uleb128 0x3a
 1029 0038 0B       		.uleb128 0xb
 1030 0039 3B       		.uleb128 0x3b
 1031 003a 0B       		.uleb128 0xb
 1032 003b 01       		.uleb128 0x1
 1033 003c 13       		.uleb128 0x13
 1034 003d 00       		.byte	0
 1035 003e 00       		.byte	0
 1036 003f 06       		.uleb128 0x6
 1037 0040 0D       		.uleb128 0xd
 1038 0041 00       		.byte	0
 1039 0042 03       		.uleb128 0x3
 1040 0043 0E       		.uleb128 0xe
 1041 0044 3A       		.uleb128 0x3a
 1042 0045 0B       		.uleb128 0xb
 1043 0046 3B       		.uleb128 0x3b
 1044 0047 0B       		.uleb128 0xb
 1045 0048 49       		.uleb128 0x49
 1046 0049 13       		.uleb128 0x13
 1047 004a 38       		.uleb128 0x38
 1048 004b 0B       		.uleb128 0xb
 1049 004c 00       		.byte	0
 1050 004d 00       		.byte	0
 1051 004e 07       		.uleb128 0x7
 1052 004f 16       		.uleb128 0x16
 1053 0050 00       		.byte	0
 1054 0051 03       		.uleb128 0x3
 1055 0052 0E       		.uleb128 0xe
 1056 0053 3A       		.uleb128 0x3a
 1057 0054 0B       		.uleb128 0xb
 1058 0055 3B       		.uleb128 0x3b
 1059 0056 05       		.uleb128 0x5
 1060 0057 49       		.uleb128 0x49
 1061 0058 13       		.uleb128 0x13
 1062 0059 00       		.byte	0
 1063 005a 00       		.byte	0
 1064 005b 08       		.uleb128 0x8
 1065 005c 04       		.uleb128 0x4
 1066 005d 01       		.byte	0x1
 1067 005e 0B       		.uleb128 0xb
 1068 005f 0B       		.uleb128 0xb
 1069 0060 49       		.uleb128 0x49
 1070 0061 13       		.uleb128 0x13
 1071 0062 3A       		.uleb128 0x3a
 1072 0063 0B       		.uleb128 0xb
 1073 0064 3B       		.uleb128 0x3b
 1074 0065 05       		.uleb128 0x5
 1075 0066 01       		.uleb128 0x1
 1076 0067 13       		.uleb128 0x13
 1077 0068 00       		.byte	0
 1078 0069 00       		.byte	0
 1079 006a 09       		.uleb128 0x9
 1080 006b 28       		.uleb128 0x28
 1081 006c 00       		.byte	0
 1082 006d 03       		.uleb128 0x3
 1083 006e 0E       		.uleb128 0xe
ARM GAS  C:\Users\Rolf\AppData\Local\Temp\ccuXirDe.s 			page 20


 1084 006f 1C       		.uleb128 0x1c
 1085 0070 0B       		.uleb128 0xb
 1086 0071 00       		.byte	0
 1087 0072 00       		.byte	0
 1088 0073 0A       		.uleb128 0xa
 1089 0074 13       		.uleb128 0x13
 1090 0075 01       		.byte	0x1
 1091 0076 0B       		.uleb128 0xb
 1092 0077 0B       		.uleb128 0xb
 1093 0078 3A       		.uleb128 0x3a
 1094 0079 0B       		.uleb128 0xb
 1095 007a 3B       		.uleb128 0x3b
 1096 007b 05       		.uleb128 0x5
 1097 007c 01       		.uleb128 0x1
 1098 007d 13       		.uleb128 0x13
 1099 007e 00       		.byte	0
 1100 007f 00       		.byte	0
 1101 0080 0B       		.uleb128 0xb
 1102 0081 0D       		.uleb128 0xd
 1103 0082 00       		.byte	0
 1104 0083 03       		.uleb128 0x3
 1105 0084 0E       		.uleb128 0xe
 1106 0085 3A       		.uleb128 0x3a
 1107 0086 0B       		.uleb128 0xb
 1108 0087 3B       		.uleb128 0x3b
 1109 0088 05       		.uleb128 0x5
 1110 0089 49       		.uleb128 0x49
 1111 008a 13       		.uleb128 0x13
 1112 008b 38       		.uleb128 0x38
 1113 008c 0B       		.uleb128 0xb
 1114 008d 00       		.byte	0
 1115 008e 00       		.byte	0
 1116 008f 0C       		.uleb128 0xc
 1117 0090 01       		.uleb128 0x1
 1118 0091 01       		.byte	0x1
 1119 0092 49       		.uleb128 0x49
 1120 0093 13       		.uleb128 0x13
 1121 0094 01       		.uleb128 0x1
 1122 0095 13       		.uleb128 0x13
 1123 0096 00       		.byte	0
 1124 0097 00       		.byte	0
 1125 0098 0D       		.uleb128 0xd
 1126 0099 21       		.uleb128 0x21
 1127 009a 00       		.byte	0
 1128 009b 49       		.uleb128 0x49
 1129 009c 13       		.uleb128 0x13
 1130 009d 2F       		.uleb128 0x2f
 1131 009e 0B       		.uleb128 0xb
 1132 009f 00       		.byte	0
 1133 00a0 00       		.byte	0
 1134 00a1 0E       		.uleb128 0xe
 1135 00a2 0F       		.uleb128 0xf
 1136 00a3 00       		.byte	0
 1137 00a4 0B       		.uleb128 0xb
 1138 00a5 0B       		.uleb128 0xb
 1139 00a6 49       		.uleb128 0x49
 1140 00a7 13       		.uleb128 0x13
ARM GAS  C:\Users\Rolf\AppData\Local\Temp\ccuXirDe.s 			page 21


 1141 00a8 00       		.byte	0
 1142 00a9 00       		.byte	0
 1143 00aa 0F       		.uleb128 0xf
 1144 00ab 26       		.uleb128 0x26
 1145 00ac 00       		.byte	0
 1146 00ad 49       		.uleb128 0x49
 1147 00ae 13       		.uleb128 0x13
 1148 00af 00       		.byte	0
 1149 00b0 00       		.byte	0
 1150 00b1 10       		.uleb128 0x10
 1151 00b2 34       		.uleb128 0x34
 1152 00b3 00       		.byte	0
 1153 00b4 03       		.uleb128 0x3
 1154 00b5 0E       		.uleb128 0xe
 1155 00b6 3A       		.uleb128 0x3a
 1156 00b7 0B       		.uleb128 0xb
 1157 00b8 3B       		.uleb128 0x3b
 1158 00b9 0B       		.uleb128 0xb
 1159 00ba 49       		.uleb128 0x49
 1160 00bb 13       		.uleb128 0x13
 1161 00bc 02       		.uleb128 0x2
 1162 00bd 18       		.uleb128 0x18
 1163 00be 00       		.byte	0
 1164 00bf 00       		.byte	0
 1165 00c0 11       		.uleb128 0x11
 1166 00c1 34       		.uleb128 0x34
 1167 00c2 00       		.byte	0
 1168 00c3 03       		.uleb128 0x3
 1169 00c4 0E       		.uleb128 0xe
 1170 00c5 3A       		.uleb128 0x3a
 1171 00c6 0B       		.uleb128 0xb
 1172 00c7 3B       		.uleb128 0x3b
 1173 00c8 05       		.uleb128 0x5
 1174 00c9 49       		.uleb128 0x49
 1175 00ca 13       		.uleb128 0x13
 1176 00cb 3F       		.uleb128 0x3f
 1177 00cc 19       		.uleb128 0x19
 1178 00cd 3C       		.uleb128 0x3c
 1179 00ce 19       		.uleb128 0x19
 1180 00cf 00       		.byte	0
 1181 00d0 00       		.byte	0
 1182 00d1 12       		.uleb128 0x12
 1183 00d2 35       		.uleb128 0x35
 1184 00d3 00       		.byte	0
 1185 00d4 49       		.uleb128 0x49
 1186 00d5 13       		.uleb128 0x13
 1187 00d6 00       		.byte	0
 1188 00d7 00       		.byte	0
 1189 00d8 13       		.uleb128 0x13
 1190 00d9 34       		.uleb128 0x34
 1191 00da 00       		.byte	0
 1192 00db 03       		.uleb128 0x3
 1193 00dc 0E       		.uleb128 0xe
 1194 00dd 3A       		.uleb128 0x3a
 1195 00de 0B       		.uleb128 0xb
 1196 00df 3B       		.uleb128 0x3b
 1197 00e0 0B       		.uleb128 0xb
ARM GAS  C:\Users\Rolf\AppData\Local\Temp\ccuXirDe.s 			page 22


 1198 00e1 49       		.uleb128 0x49
 1199 00e2 13       		.uleb128 0x13
 1200 00e3 3F       		.uleb128 0x3f
 1201 00e4 19       		.uleb128 0x19
 1202 00e5 3C       		.uleb128 0x3c
 1203 00e6 19       		.uleb128 0x19
 1204 00e7 00       		.byte	0
 1205 00e8 00       		.byte	0
 1206 00e9 14       		.uleb128 0x14
 1207 00ea 34       		.uleb128 0x34
 1208 00eb 00       		.byte	0
 1209 00ec 03       		.uleb128 0x3
 1210 00ed 0E       		.uleb128 0xe
 1211 00ee 3A       		.uleb128 0x3a
 1212 00ef 0B       		.uleb128 0xb
 1213 00f0 3B       		.uleb128 0x3b
 1214 00f1 0B       		.uleb128 0xb
 1215 00f2 49       		.uleb128 0x49
 1216 00f3 13       		.uleb128 0x13
 1217 00f4 3F       		.uleb128 0x3f
 1218 00f5 19       		.uleb128 0x19
 1219 00f6 02       		.uleb128 0x2
 1220 00f7 18       		.uleb128 0x18
 1221 00f8 00       		.byte	0
 1222 00f9 00       		.byte	0
 1223 00fa 00       		.byte	0
 1224              		.section	.debug_aranges,"",%progbits
 1225 0000 14000000 		.4byte	0x14
 1226 0004 0200     		.2byte	0x2
 1227 0006 00000000 		.4byte	.Ldebug_info0
 1228 000a 04       		.byte	0x4
 1229 000b 00       		.byte	0
 1230 000c 0000     		.2byte	0
 1231 000e 0000     		.2byte	0
 1232 0010 00000000 		.4byte	0
 1233 0014 00000000 		.4byte	0
 1234              		.section	.debug_line,"",%progbits
 1235              	.Ldebug_line0:
 1236 0000 49020000 		.section	.debug_str,"MS",%progbits,1
 1236      02004302 
 1236      00000201 
 1236      FB0E0D00 
 1236      01010101 
 1237              	.LASF56:
 1238 0000 70726F74 		.ascii	"protBusMasterMask\000"
 1238      4275734D 
 1238      61737465 
 1238      724D6173 
 1238      6B00
 1239              	.LASF66:
 1240 0012 666C6173 		.ascii	"flashCtlMainWs3Freq\000"
 1240      6843746C 
 1240      4D61696E 
 1240      57733346 
 1240      72657100 
 1241              	.LASF88:
 1242 0026 6770696F 		.ascii	"gpioPrtCfgInOffset\000"
ARM GAS  C:\Users\Rolf\AppData\Local\Temp\ccuXirDe.s 			page 23


 1242      50727443 
 1242      6667496E 
 1242      4F666673 
 1242      657400
 1243              	.LASF106:
 1244 0039 6970634C 		.ascii	"ipcLockStatusOffset\000"
 1244      6F636B53 
 1244      74617475 
 1244      734F6666 
 1244      73657400 
 1245              	.LASF32:
 1246 004d 63727970 		.ascii	"cryptoVersion\000"
 1246      746F5665 
 1246      7273696F 
 1246      6E00
 1247              	.LASF50:
 1248 005b 70657269 		.ascii	"periClockNr\000"
 1248      436C6F63 
 1248      6B4E7200 
 1249              	.LASF28:
 1250 0067 70617373 		.ascii	"passBase\000"
 1250      42617365 
 1250      00
 1251              	.LASF41:
 1252 0070 63707573 		.ascii	"cpussIpcIrqNr\000"
 1252      73497063 
 1252      4972714E 
 1252      7200
 1253              	.LASF3:
 1254 007e 5F5F7569 		.ascii	"__uint8_t\000"
 1254      6E74385F 
 1254      7400
 1255              	.LASF126:
 1256 0088 73617449 		.ascii	"satIntrMask\000"
 1256      6E74724D 
 1256      61736B00 
 1257              	.LASF85:
 1258 0094 70657269 		.ascii	"periDiv24_5CtlOffset\000"
 1258      44697632 
 1258      345F3543 
 1258      746C4F66 
 1258      66736574 
 1259              	.LASF92:
 1260 00a9 63707573 		.ascii	"cpussCm4ClockCtlOffset\000"
 1260      73436D34 
 1260      436C6F63 
 1260      6B43746C 
 1260      4F666673 
 1261              	.LASF21:
 1262 00c0 63707573 		.ascii	"cpussBase\000"
 1262      73426173 
 1262      6500
 1263              	.LASF70:
 1264 00ca 64774368 		.ascii	"dwChCtlPrioPos\000"
 1264      43746C50 
 1264      72696F50 
 1264      6F7300
ARM GAS  C:\Users\Rolf\AppData\Local\Temp\ccuXirDe.s 			page 24


 1265              	.LASF142:
 1266 00d9 4144435F 		.ascii	"ADC_currentConfig\000"
 1266      63757272 
 1266      656E7443 
 1266      6F6E6669 
 1266      6700
 1267              	.LASF12:
 1268 00eb 6C6F6E67 		.ascii	"long long unsigned int\000"
 1268      206C6F6E 
 1268      6720756E 
 1268      7369676E 
 1268      65642069 
 1269              	.LASF74:
 1270 0102 70657269 		.ascii	"periTrCmdOffset\000"
 1270      5472436D 
 1270      644F6666 
 1270      73657400 
 1271              	.LASF98:
 1272 0112 63707573 		.ascii	"cpussSysTickCtlOffset\000"
 1272      73537973 
 1272      5469636B 
 1272      43746C4F 
 1272      66667365 
 1273              	.LASF147:
 1274 0128 4144435F 		.ascii	"ADC_hwConfigs\000"
 1274      6877436F 
 1274      6E666967 
 1274      7300
 1275              	.LASF140:
 1276 0136 49544D5F 		.ascii	"ITM_RxBuffer\000"
 1276      52784275 
 1276      66666572 
 1276      00
 1277              	.LASF59:
 1278 0143 666C6173 		.ascii	"flashPipeRequired\000"
 1278      68506970 
 1278      65526571 
 1278      75697265 
 1278      6400
 1279              	.LASF63:
 1280 0155 666C6173 		.ascii	"flashCtlMainWs0Freq\000"
 1280      6843746C 
 1280      4D61696E 
 1280      57733046 
 1280      72657100 
 1281              	.LASF15:
 1282 0169 696E7431 		.ascii	"int16_t\000"
 1282      365F7400 
 1283              	.LASF133:
 1284 0171 63795F73 		.ascii	"cy_stc_sar_config_t\000"
 1284      74635F73 
 1284      61725F63 
 1284      6F6E6669 
 1284      675F7400 
 1285              	.LASF11:
 1286 0185 6C6F6E67 		.ascii	"long long int\000"
 1286      206C6F6E 
ARM GAS  C:\Users\Rolf\AppData\Local\Temp\ccuXirDe.s 			page 25


 1286      6720696E 
 1286      7400
 1287              	.LASF1:
 1288 0193 7369676E 		.ascii	"signed char\000"
 1288      65642063 
 1288      68617200 
 1289              	.LASF79:
 1290 019f 70657269 		.ascii	"periDivCmdTypeSelPos\000"
 1290      44697643 
 1290      6D645479 
 1290      70655365 
 1290      6C506F73 
 1291              	.LASF116:
 1292 01b4 63795F65 		.ascii	"cy_en_sar_range_detect_condition_t\000"
 1292      6E5F7361 
 1292      725F7261 
 1292      6E67655F 
 1292      64657465 
 1293              	.LASF138:
 1294 01d7 636C6B44 		.ascii	"clkDivider\000"
 1294      69766964 
 1294      657200
 1295              	.LASF25:
 1296 01e2 70726F74 		.ascii	"protBase\000"
 1296      42617365 
 1296      00
 1297              	.LASF37:
 1298 01eb 69706356 		.ascii	"ipcVersion\000"
 1298      65727369 
 1298      6F6E00
 1299              	.LASF99:
 1300 01f6 63707573 		.ascii	"cpussCm0NmiCtlOffset\000"
 1300      73436D30 
 1300      4E6D6943 
 1300      746C4F66 
 1300      66736574 
 1301              	.LASF26:
 1302 020b 6873696F 		.ascii	"hsiomBase\000"
 1302      6D426173 
 1302      6500
 1303              	.LASF112:
 1304 0215 43595F53 		.ascii	"CY_SAR_RANGE_COND_BELOW\000"
 1304      41525F52 
 1304      414E4745 
 1304      5F434F4E 
 1304      445F4245 
 1305              	.LASF8:
 1306 022d 6C6F6E67 		.ascii	"long int\000"
 1306      20696E74 
 1306      00
 1307              	.LASF57:
 1308 0236 63727970 		.ascii	"cryptoMemSize\000"
 1308      746F4D65 
 1308      6D53697A 
 1308      6500
 1309              	.LASF23:
 1310 0244 70657269 		.ascii	"periBase\000"
ARM GAS  C:\Users\Rolf\AppData\Local\Temp\ccuXirDe.s 			page 26


 1310      42617365 
 1310      00
 1311              	.LASF55:
 1312 024d 73797350 		.ascii	"sysPmSimoPresent\000"
 1312      6D53696D 
 1312      6F507265 
 1312      73656E74 
 1312      00
 1313              	.LASF114:
 1314 025e 43595F53 		.ascii	"CY_SAR_RANGE_COND_ABOVE\000"
 1314      41525F52 
 1314      414E4745 
 1314      5F434F4E 
 1314      445F4142 
 1315              	.LASF45:
 1316 0276 63707573 		.ascii	"cpussFmIrq\000"
 1316      73466D49 
 1316      727100
 1317              	.LASF110:
 1318 0281 646F7562 		.ascii	"double\000"
 1318      6C6500
 1319              	.LASF84:
 1320 0288 70657269 		.ascii	"periDiv16_5CtlOffset\000"
 1320      44697631 
 1320      365F3543 
 1320      746C4F66 
 1320      66736574 
 1321              	.LASF48:
 1322 029d 73727373 		.ascii	"srssNumPll\000"
 1322      4E756D50 
 1322      6C6C00
 1323              	.LASF139:
 1324 02a8 4144435F 		.ascii	"ADC_CONFIG_STRUCT\000"
 1324      434F4E46 
 1324      49475F53 
 1324      54525543 
 1324      5400
 1325              	.LASF119:
 1326 02ba 73616D70 		.ascii	"sampleTime01\000"
 1326      6C655469 
 1326      6D653031 
 1326      00
 1327              	.LASF6:
 1328 02c7 73686F72 		.ascii	"short unsigned int\000"
 1328      7420756E 
 1328      7369676E 
 1328      65642069 
 1328      6E7400
 1329              	.LASF111:
 1330 02da 75696E74 		.ascii	"uint32\000"
 1330      333200
 1331              	.LASF89:
 1332 02e1 6770696F 		.ascii	"gpioPrtCfgOutOffset\000"
 1332      50727443 
 1332      66674F75 
 1332      744F6666 
 1332      73657400 
ARM GAS  C:\Users\Rolf\AppData\Local\Temp\ccuXirDe.s 			page 27


 1333              	.LASF22:
 1334 02f5 666C6173 		.ascii	"flashcBase\000"
 1334      68634261 
 1334      736500
 1335              	.LASF9:
 1336 0300 5F5F7569 		.ascii	"__uint32_t\000"
 1336      6E743332 
 1336      5F7400
 1337              	.LASF52:
 1338 030b 70617373 		.ascii	"passSarChannels\000"
 1338      53617243 
 1338      68616E6E 
 1338      656C7300 
 1339              	.LASF136:
 1340 031b 6877436F 		.ascii	"hwConfigStc\000"
 1340      6E666967 
 1340      53746300 
 1341              	.LASF4:
 1342 0327 5F5F696E 		.ascii	"__int16_t\000"
 1342      7431365F 
 1342      7400
 1343              	.LASF146:
 1344 0331 5C5C4D61 		.ascii	"\\\\Mac\\Data\\VScode\\GIT\\Onethinx_Project_Exampl"
 1344      635C4461 
 1344      74615C56 
 1344      53636F64 
 1344      655C4749 
 1345 035e 65735C45 		.ascii	"es\\Example_DevKitLightSensor\\Onethinx_Creator.cyd"
 1345      78616D70 
 1345      6C655F44 
 1345      65764B69 
 1345      744C6967 
 1346 038f 736E00   		.ascii	"sn\000"
 1347              	.LASF95:
 1348 0392 63707573 		.ascii	"cpussCm4PwrCtlOffset\000"
 1348      73436D34 
 1348      50777243 
 1348      746C4F66 
 1348      66736574 
 1349              	.LASF90:
 1350 03a7 6770696F 		.ascii	"gpioPrtCfgSioOffset\000"
 1350      50727443 
 1350      66675369 
 1350      6F4F6666 
 1350      73657400 
 1351              	.LASF42:
 1352 03bb 63707573 		.ascii	"cpussDwChNr\000"
 1352      73447743 
 1352      684E7200 
 1353              	.LASF13:
 1354 03c7 756E7369 		.ascii	"unsigned int\000"
 1354      676E6564 
 1354      20696E74 
 1354      00
 1355              	.LASF16:
 1356 03d4 75696E74 		.ascii	"uint16_t\000"
 1356      31365F74 
ARM GAS  C:\Users\Rolf\AppData\Local\Temp\ccuXirDe.s 			page 28


 1356      00
 1357              	.LASF75:
 1358 03dd 70657269 		.ascii	"periTrCmdGrSelMsk\000"
 1358      5472436D 
 1358      64477253 
 1358      656C4D73 
 1358      6B00
 1359              	.LASF10:
 1360 03ef 6C6F6E67 		.ascii	"long unsigned int\000"
 1360      20756E73 
 1360      69676E65 
 1360      6420696E 
 1360      7400
 1361              	.LASF40:
 1362 0401 63707573 		.ascii	"cpussIpcNr\000"
 1362      73497063 
 1362      4E7200
 1363              	.LASF27:
 1364 040c 6770696F 		.ascii	"gpioBase\000"
 1364      42617365 
 1364      00
 1365              	.LASF65:
 1366 0415 666C6173 		.ascii	"flashCtlMainWs2Freq\000"
 1366      6843746C 
 1366      4D61696E 
 1366      57733246 
 1366      72657100 
 1367              	.LASF76:
 1368 0429 70657269 		.ascii	"periTrGrOffset\000"
 1368      54724772 
 1368      4F666673 
 1368      657400
 1369              	.LASF103:
 1370 0438 63707573 		.ascii	"cpussRam1Ctl0\000"
 1370      7352616D 
 1370      3143746C 
 1370      3000
 1371              	.LASF121:
 1372 0446 72616E67 		.ascii	"rangeThres\000"
 1372      65546872 
 1372      657300
 1373              	.LASF77:
 1374 0451 70657269 		.ascii	"periTrGrSize\000"
 1374      54724772 
 1374      53697A65 
 1374      00
 1375              	.LASF35:
 1376 045e 6770696F 		.ascii	"gpioVersion\000"
 1376      56657273 
 1376      696F6E00 
 1377              	.LASF135:
 1378 046a 6E756D43 		.ascii	"numChannels\000"
 1378      68616E6E 
 1378      656C7300 
 1379              	.LASF107:
 1380 0476 63795F73 		.ascii	"cy_stc_device_t\000"
 1380      74635F64 
ARM GAS  C:\Users\Rolf\AppData\Local\Temp\ccuXirDe.s 			page 29


 1380      65766963 
 1380      655F7400 
 1381              	.LASF124:
 1382 0486 6368616E 		.ascii	"chanConfig\000"
 1382      436F6E66 
 1382      696700
 1383              	.LASF134:
 1384 0491 6368616E 		.ascii	"channelBase\000"
 1384      6E656C42 
 1384      61736500 
 1385              	.LASF53:
 1386 049d 65704D6F 		.ascii	"epMonitorNr\000"
 1386      6E69746F 
 1386      724E7200 
 1387              	.LASF100:
 1388 04a9 63707573 		.ascii	"cpussCm4NmiCtlOffset\000"
 1388      73436D34 
 1388      4E6D6943 
 1388      746C4F66 
 1388      66736574 
 1389              	.LASF96:
 1390 04be 63707573 		.ascii	"cpussTrimRamCtlOffset\000"
 1390      73547269 
 1390      6D52616D 
 1390      43746C4F 
 1390      66667365 
 1391              	.LASF91:
 1392 04d4 63707573 		.ascii	"cpussCm0ClockCtlOffset\000"
 1392      73436D30 
 1392      436C6F63 
 1392      6B43746C 
 1392      4F666673 
 1393              	.LASF31:
 1394 04eb 63707573 		.ascii	"cpussVersion\000"
 1394      73566572 
 1394      73696F6E 
 1394      00
 1395              	.LASF38:
 1396 04f8 70657269 		.ascii	"periVersion\000"
 1396      56657273 
 1396      696F6E00 
 1397              	.LASF94:
 1398 0504 63707573 		.ascii	"cpussCm0StatusOffset\000"
 1398      73436D30 
 1398      53746174 
 1398      75734F66 
 1398      66736574 
 1399              	.LASF19:
 1400 0519 73697A65 		.ascii	"sizetype\000"
 1400      74797065 
 1400      00
 1401              	.LASF68:
 1402 0522 64774368 		.ascii	"dwChOffset\000"
 1402      4F666673 
 1402      657400
 1403              	.LASF145:
 1404 052d 47656E65 		.ascii	"Generated_Source\\PSoC6\\ADC_INIT.c\000"
ARM GAS  C:\Users\Rolf\AppData\Local\Temp\ccuXirDe.s 			page 30


 1404      72617465 
 1404      645F536F 
 1404      75726365 
 1404      5C50536F 
 1405              	.LASF120:
 1406 054f 73616D70 		.ascii	"sampleTime23\000"
 1406      6C655469 
 1406      6D653233 
 1406      00
 1407              	.LASF81:
 1408 055c 70657269 		.ascii	"periDivCmdPaTypeSelPos\000"
 1408      44697643 
 1408      6D645061 
 1408      54797065 
 1408      53656C50 
 1409              	.LASF104:
 1410 0573 63707573 		.ascii	"cpussRam2Ctl0\000"
 1410      7352616D 
 1410      3243746C 
 1410      3000
 1411              	.LASF130:
 1412 0581 636F6E66 		.ascii	"configRouting\000"
 1412      6967526F 
 1412      7574696E 
 1412      6700
 1413              	.LASF72:
 1414 058f 64775374 		.ascii	"dwStatusChIdxPos\000"
 1414      61747573 
 1414      43684964 
 1414      78506F73 
 1414      00
 1415              	.LASF54:
 1416 05a0 75646250 		.ascii	"udbPresent\000"
 1416      72657365 
 1416      6E7400
 1417              	.LASF34:
 1418 05ab 666C6173 		.ascii	"flashcVersion\000"
 1418      68635665 
 1418      7273696F 
 1418      6E00
 1419              	.LASF30:
 1420 05b9 63727970 		.ascii	"cryptoBase\000"
 1420      746F4261 
 1420      736500
 1421              	.LASF51:
 1422 05c4 736D6966 		.ascii	"smifDeviceNr\000"
 1422      44657669 
 1422      63654E72 
 1422      00
 1423              	.LASF127:
 1424 05d1 72616E67 		.ascii	"rangeIntrMask\000"
 1424      65496E74 
 1424      724D6173 
 1424      6B00
 1425              	.LASF144:
 1426 05df 474E5520 		.ascii	"GNU C11 5.4.1 20160609 (release) [ARM/embedded-5-br"
 1426      43313120 
ARM GAS  C:\Users\Rolf\AppData\Local\Temp\ccuXirDe.s 			page 31


 1426      352E342E 
 1426      31203230 
 1426      31363036 
 1427 0612 616E6368 		.ascii	"anch revision 237715] -mcpu=cortex-m4 -mfloat-abi=s"
 1427      20726576 
 1427      6973696F 
 1427      6E203233 
 1427      37373135 
 1428 0645 6F667466 		.ascii	"oftfp -mfpu=fpv4-sp-d16 -mthumb -g -Og -ffunction-s"
 1428      70202D6D 
 1428      6670753D 
 1428      66707634 
 1428      2D73702D 
 1429 0678 65637469 		.ascii	"ections -ffat-lto-objects\000"
 1429      6F6E7320 
 1429      2D666661 
 1429      742D6C74 
 1429      6F2D6F62 
 1430              	.LASF109:
 1431 0692 666C6F61 		.ascii	"float\000"
 1431      7400
 1432              	.LASF73:
 1433 0698 64775374 		.ascii	"dwStatusChIdxMsk\000"
 1433      61747573 
 1433      43684964 
 1433      784D736B 
 1433      00
 1434              	.LASF141:
 1435 06a9 63795F64 		.ascii	"cy_device\000"
 1435      65766963 
 1435      6500
 1436              	.LASF101:
 1437 06b3 63707573 		.ascii	"cpussRomCtl\000"
 1437      73526F6D 
 1437      43746C00 
 1438              	.LASF71:
 1439 06bf 64774368 		.ascii	"dwChCtlPreemptablePos\000"
 1439      43746C50 
 1439      7265656D 
 1439      70746162 
 1439      6C65506F 
 1440              	.LASF123:
 1441 06d5 6368616E 		.ascii	"chanEn\000"
 1441      456E00
 1442              	.LASF24:
 1443 06dc 75646242 		.ascii	"udbBase\000"
 1443      61736500 
 1444              	.LASF113:
 1445 06e4 43595F53 		.ascii	"CY_SAR_RANGE_COND_INSIDE\000"
 1445      41525F52 
 1445      414E4745 
 1445      5F434F4E 
 1445      445F494E 
 1446              	.LASF132:
 1447 06fd 5F426F6F 		.ascii	"_Bool\000"
 1447      6C00
 1448              	.LASF17:
ARM GAS  C:\Users\Rolf\AppData\Local\Temp\ccuXirDe.s 			page 32


 1449 0703 696E7433 		.ascii	"int32_t\000"
 1449      325F7400 
 1450              	.LASF2:
 1451 070b 756E7369 		.ascii	"unsigned char\000"
 1451      676E6564 
 1451      20636861 
 1451      7200
 1452              	.LASF67:
 1453 0719 666C6173 		.ascii	"flashCtlMainWs4Freq\000"
 1453      6843746C 
 1453      4D61696E 
 1453      57733446 
 1453      72657100 
 1454              	.LASF0:
 1455 072d 73686F72 		.ascii	"short int\000"
 1455      7420696E 
 1455      7400
 1456              	.LASF128:
 1457 0737 6D757853 		.ascii	"muxSwitch\000"
 1457      77697463 
 1457      6800
 1458              	.LASF125:
 1459 0741 696E7472 		.ascii	"intrMask\000"
 1459      4D61736B 
 1459      00
 1460              	.LASF78:
 1461 074a 70657269 		.ascii	"periDivCmdDivSelMsk\000"
 1461      44697643 
 1461      6D644469 
 1461      7653656C 
 1461      4D736B00 
 1462              	.LASF49:
 1463 075e 73727373 		.ascii	"srssNumHfroot\000"
 1463      4E756D48 
 1463      66726F6F 
 1463      7400
 1464              	.LASF62:
 1465 076c 666C6173 		.ascii	"flashEraseDelay\000"
 1465      68457261 
 1465      73654465 
 1465      6C617900 
 1466              	.LASF82:
 1467 077c 70657269 		.ascii	"periDiv8CtlOffset\000"
 1467      44697638 
 1467      43746C4F 
 1467      66667365 
 1467      7400
 1468              	.LASF18:
 1469 078e 75696E74 		.ascii	"uint32_t\000"
 1469      33325F74 
 1469      00
 1470              	.LASF131:
 1471 0797 76726566 		.ascii	"vrefMvValue\000"
 1471      4D765661 
 1471      6C756500 
 1472              	.LASF20:
 1473 07a3 6C6F6E67 		.ascii	"long double\000"
ARM GAS  C:\Users\Rolf\AppData\Local\Temp\ccuXirDe.s 			page 33


 1473      20646F75 
 1473      626C6500 
 1474              	.LASF108:
 1475 07af 63686172 		.ascii	"char\000"
 1475      00
 1476              	.LASF39:
 1477 07b4 70726F74 		.ascii	"protVersion\000"
 1477      56657273 
 1477      696F6E00 
 1478              	.LASF102:
 1479 07c0 63707573 		.ascii	"cpussRam0Ctl0\000"
 1479      7352616D 
 1479      3043746C 
 1479      3000
 1480              	.LASF143:
 1481 07ce 4144435F 		.ascii	"ADC_allConfigs\000"
 1481      616C6C43 
 1481      6F6E6669 
 1481      677300
 1482              	.LASF5:
 1483 07dd 5F5F7569 		.ascii	"__uint16_t\000"
 1483      6E743136 
 1483      5F7400
 1484              	.LASF83:
 1485 07e8 70657269 		.ascii	"periDiv16CtlOffset\000"
 1485      44697631 
 1485      3643746C 
 1485      4F666673 
 1485      657400
 1486              	.LASF7:
 1487 07fb 5F5F696E 		.ascii	"__int32_t\000"
 1487      7433325F 
 1487      7400
 1488              	.LASF36:
 1489 0805 6873696F 		.ascii	"hsiomVersion\000"
 1489      6D566572 
 1489      73696F6E 
 1489      00
 1490              	.LASF117:
 1491 0812 6374726C 		.ascii	"ctrl\000"
 1491      00
 1492              	.LASF64:
 1493 0817 666C6173 		.ascii	"flashCtlMainWs1Freq\000"
 1493      6843746C 
 1493      4D61696E 
 1493      57733146 
 1493      72657100 
 1494              	.LASF137:
 1495 082b 6D697363 		.ascii	"miscConfig\000"
 1495      436F6E66 
 1495      696700
 1496              	.LASF69:
 1497 0836 64774368 		.ascii	"dwChSize\000"
 1497      53697A65 
 1497      00
 1498              	.LASF105:
 1499 083f 69706353 		.ascii	"ipcStructSize\000"
ARM GAS  C:\Users\Rolf\AppData\Local\Temp\ccuXirDe.s 			page 34


 1499      74727563 
 1499      7453697A 
 1499      6500
 1500              	.LASF44:
 1501 084d 63707573 		.ascii	"cpussIpc0Irq\000"
 1501      73497063 
 1501      30497271 
 1501      00
 1502              	.LASF87:
 1503 085a 6770696F 		.ascii	"gpioPrtCfgOffset\000"
 1503      50727443 
 1503      66674F66 
 1503      66736574 
 1503      00
 1504              	.LASF122:
 1505 086b 72616E67 		.ascii	"rangeCond\000"
 1505      65436F6E 
 1505      6400
 1506              	.LASF46:
 1507 0875 63707573 		.ascii	"cpussNotConnectedIrq\000"
 1507      734E6F74 
 1507      436F6E6E 
 1507      65637465 
 1507      64497271 
 1508              	.LASF60:
 1509 088a 666C6173 		.ascii	"flashWriteDelay\000"
 1509      68577269 
 1509      74654465 
 1509      6C617900 
 1510              	.LASF118:
 1511 089a 73616D70 		.ascii	"sampleCtrl\000"
 1511      6C654374 
 1511      726C00
 1512              	.LASF14:
 1513 08a5 75696E74 		.ascii	"uint8_t\000"
 1513      385F7400 
 1514              	.LASF93:
 1515 08ad 63707573 		.ascii	"cpussCm4StatusOffset\000"
 1515      73436D34 
 1515      53746174 
 1515      75734F66 
 1515      66736574 
 1516              	.LASF86:
 1517 08c2 6770696F 		.ascii	"gpioPrtIntrCfgOffset\000"
 1517      50727449 
 1517      6E747243 
 1517      66674F66 
 1517      66736574 
 1518              	.LASF115:
 1519 08d7 43595F53 		.ascii	"CY_SAR_RANGE_COND_OUTSIDE\000"
 1519      41525F52 
 1519      414E4745 
 1519      5F434F4E 
 1519      445F4F55 
 1520              	.LASF97:
 1521 08f1 63707573 		.ascii	"cpussTrimRomCtlOffset\000"
 1521      73547269 
ARM GAS  C:\Users\Rolf\AppData\Local\Temp\ccuXirDe.s 			page 35


 1521      6D526F6D 
 1521      43746C4F 
 1521      66667365 
 1522              	.LASF47:
 1523 0907 73727373 		.ascii	"srssNumClkpath\000"
 1523      4E756D43 
 1523      6C6B7061 
 1523      746800
 1524              	.LASF129:
 1525 0916 6D757853 		.ascii	"muxSwitchSqCtrl\000"
 1525      77697463 
 1525      68537143 
 1525      74726C00 
 1526              	.LASF33:
 1527 0926 64775665 		.ascii	"dwVersion\000"
 1527      7273696F 
 1527      6E00
 1528              	.LASF29:
 1529 0930 69706342 		.ascii	"ipcBase\000"
 1529      61736500 
 1530              	.LASF80:
 1531 0938 70657269 		.ascii	"periDivCmdPaDivSelPos\000"
 1531      44697643 
 1531      6D645061 
 1531      44697653 
 1531      656C506F 
 1532              	.LASF61:
 1533 094e 666C6173 		.ascii	"flashProgramDelay\000"
 1533      6850726F 
 1533      6772616D 
 1533      44656C61 
 1533      7900
 1534              	.LASF43:
 1535 0960 63707573 		.ascii	"cpussFlashPaSize\000"
 1535      73466C61 
 1535      73685061 
 1535      53697A65 
 1535      00
 1536              	.LASF58:
 1537 0971 666C6173 		.ascii	"flashRwwRequired\000"
 1537      68527777 
 1537      52657175 
 1537      69726564 
 1537      00
 1538              		.ident	"GCC: (GNU Tools for ARM Embedded Processors) 5.4.1 20160609 (release) [ARM/embedded-5-bran
