--------------- Build Started: 05/16/2023 17:45:30 Project: Onethinx_Creator, Configuration: ARM GCC 5.4-2016-q2-update Debug ---------------
The code generation step is up to date.
The compile step is up to date, no work needs to be done.
The link step is up to date, no work needs to be done.
The compile step is up to date, no work needs to be done.
The link step is up to date, no work needs to be done.
Creator_PostBuild -v2 -targetOTX
*****************************************************
*            Creator PostBuild tool 2.10            *
*   The source code of this tool can be found at    *
*   https://github.com/RolfNoot/CreatorPostBuild01  *
*                (c) Rolf / Onethinx                *
*****************************************************
Target file: \\Mac\Data\VScode\GIT\Onethinx_Project_Examples\Example_LoRa\Onethinx_Creator.cydsn\Export\PSoCCreatorExportIDECortexM4.xml
Done!
Target file: \\Mac\Data\VScode\GIT\Onethinx_Project_Examples\Example_LoRa\Onethinx_Creator.cydsn\Generated_Source\PSoC6\cyfitter_cfg.c
Changed line 152 to: 	status = CY_RET_SUCCESS;          // Removed enabling of WCO as it is already enabled by the Onethinx Core: status = Cy_SysClk_WcoEnable(500000u);
Found Cy_SystemInit() at line 238, skipping code...
Done!
Target file: \\Mac\Data\VScode\GIT\Onethinx_Project_Examples\Example_LoRa\Onethinx_Creator.cydsn\Generated_Source\PSoC6\pdl\middleware\ble\cy_ble_clk.c
Found SFLASH->RADIO_LDO_TRIMS at line 716, changing code...
Done!
Target file: \\Mac\Data\VScode\GIT\Onethinx_Project_Examples\Example_LoRa\Onethinx_Creator.cydsn\..\meson.build
Done!
--------------- Build Succeeded: 05/16/2023 17:45:34 ---------------
