ARM GAS  C:\Users\Rolf\AppData\Local\Temp\ccU0uC7r.s 			page 1


   1              		.syntax unified
   2              		.cpu cortex-m0plus
   3              		.fpu softvfp
   4              		.eabi_attribute 20, 1
   5              		.eabi_attribute 21, 1
   6              		.eabi_attribute 23, 3
   7              		.eabi_attribute 24, 1
   8              		.eabi_attribute 25, 1
   9              		.eabi_attribute 26, 1
  10              		.eabi_attribute 30, 1
  11              		.eabi_attribute 34, 0
  12              		.eabi_attribute 18, 4
  13              		.thumb
  14              		.syntax unified
  15              		.file	"ADC_INIT.c"
  16              		.text
  17              	.Ltext0:
  18              		.cfi_sections	.debug_frame
  19              		.global	ADC_allConfigs
  20              		.section	.rodata
  21              		.align	2
  22              		.type	ADC_allConfigs, %object
  23              		.size	ADC_allConfigs, 20
  24              	ADC_allConfigs:
  25 0000 00000000 		.word	0
  26 0004 01000000 		.word	1
  27 0008 14000000 		.word	ADC_hwConfigs
  28 000c 01000000 		.word	1
  29 0010 01000000 		.word	1
  30              		.type	ADC_hwConfigs, %object
  31              		.size	ADC_hwConfigs, 120
  32              	ADC_hwConfigs:
  33 0014 74C02055 		.word	1428209780
  34 0018 AC000490 		.word	-1878785876
  35 001c 24000200 		.word	131108
  36 0020 02000200 		.word	131074
  37 0024 FD01000E 		.word	234881533
  38 0028 00       		.byte	0
  39 0029 000000   		.space	3
  40 002c 01000000 		.word	1
  41 0030 00040000 		.word	1024
  42 0034 00000000 		.word	0
  43 0038 00000000 		.word	0
  44 003c 00000000 		.word	0
  45 0040 00000000 		.word	0
  46 0044 00000000 		.word	0
  47 0048 00000000 		.word	0
  48 004c 00000000 		.word	0
  49 0050 00000000 		.word	0
  50 0054 00000000 		.word	0
  51 0058 00000000 		.word	0
  52 005c 00000000 		.word	0
  53 0060 00000000 		.word	0
  54 0064 00000000 		.word	0
  55 0068 00000000 		.word	0
  56 006c 00000000 		.word	0
  57 0070 01000000 		.word	1
ARM GAS  C:\Users\Rolf\AppData\Local\Temp\ccU0uC7r.s 			page 2


  58 0074 00000000 		.word	0
  59 0078 00000000 		.word	0
  60 007c 00000000 		.word	0
  61 0080 00000000 		.word	0
  62 0084 00       		.byte	0
  63 0085 000000   		.space	3
  64 0088 E40C0000 		.word	3300
  65              		.text
  66              	.Letext0:
  67              		.file 1 "c:\\program files (x86)\\cypress\\psoc creator\\4.4\\4.4\\psoc creator\\import\\gnu\\arm\
  68              		.file 2 "c:\\program files (x86)\\cypress\\psoc creator\\4.4\\4.4\\psoc creator\\import\\gnu\\arm\
  69              		.file 3 "Generated_Source\\PSoC6\\pdl\\drivers/peripheral/device/cy_device.h"
  70              		.file 4 "Generated_Source\\PSoC6\\pdl\\drivers/peripheral/syslib/cy_syslib.h"
  71              		.file 5 "Generated_Source\\PSoC6\\pdl\\drivers/peripheral/sar/cy_sar.h"
  72              		.file 6 "Generated_Source\\PSoC6\\ADC.h"
  73              		.file 7 "Generated_Source\\PSoC6\\ADC_INIT.c"
  74              		.section	.debug_info,"",%progbits
  75              	.Ldebug_info0:
  76 0000 F3060000 		.4byte	0x6f3
  77 0004 0400     		.2byte	0x4
  78 0006 00000000 		.4byte	.Ldebug_abbrev0
  79 000a 04       		.byte	0x4
  80 000b 01       		.uleb128 0x1
  81 000c DB060000 		.4byte	.LASF141
  82 0010 0C       		.byte	0xc
  83 0011 20050000 		.4byte	.LASF142
  84 0015 24030000 		.4byte	.LASF143
  85 0019 00000000 		.4byte	.Ldebug_line0
  86 001d 02       		.uleb128 0x2
  87 001e 02       		.byte	0x2
  88 001f 05       		.byte	0x5
  89 0020 65060000 		.4byte	.LASF0
  90 0024 02       		.uleb128 0x2
  91 0025 01       		.byte	0x1
  92 0026 08       		.byte	0x8
  93 0027 43060000 		.4byte	.LASF1
  94 002b 02       		.uleb128 0x2
  95 002c 01       		.byte	0x1
  96 002d 06       		.byte	0x6
  97 002e 86010000 		.4byte	.LASF2
  98 0032 03       		.uleb128 0x3
  99 0033 7E000000 		.4byte	.LASF3
 100 0037 01       		.byte	0x1
 101 0038 1D       		.byte	0x1d
 102 0039 24000000 		.4byte	0x24
 103 003d 03       		.uleb128 0x3
 104 003e 1A030000 		.4byte	.LASF4
 105 0042 01       		.byte	0x1
 106 0043 29       		.byte	0x29
 107 0044 1D000000 		.4byte	0x1d
 108 0048 03       		.uleb128 0x3
 109 0049 A7070000 		.4byte	.LASF5
 110 004d 01       		.byte	0x1
 111 004e 2B       		.byte	0x2b
 112 004f 53000000 		.4byte	0x53
 113 0053 02       		.uleb128 0x2
 114 0054 02       		.byte	0x2
ARM GAS  C:\Users\Rolf\AppData\Local\Temp\ccU0uC7r.s 			page 3


 115 0055 07       		.byte	0x7
 116 0056 BA020000 		.4byte	.LASF6
 117 005a 02       		.uleb128 0x2
 118 005b 04       		.byte	0x4
 119 005c 05       		.byte	0x5
 120 005d 20020000 		.4byte	.LASF7
 121 0061 03       		.uleb128 0x3
 122 0062 F3020000 		.4byte	.LASF8
 123 0066 01       		.byte	0x1
 124 0067 41       		.byte	0x41
 125 0068 6C000000 		.4byte	0x6c
 126 006c 02       		.uleb128 0x2
 127 006d 04       		.byte	0x4
 128 006e 07       		.byte	0x7
 129 006f E2030000 		.4byte	.LASF9
 130 0073 02       		.uleb128 0x2
 131 0074 08       		.byte	0x8
 132 0075 05       		.byte	0x5
 133 0076 78010000 		.4byte	.LASF10
 134 007a 02       		.uleb128 0x2
 135 007b 08       		.byte	0x8
 136 007c 07       		.byte	0x7
 137 007d EB000000 		.4byte	.LASF11
 138 0081 04       		.uleb128 0x4
 139 0082 04       		.byte	0x4
 140 0083 05       		.byte	0x5
 141 0084 696E7400 		.ascii	"int\000"
 142 0088 02       		.uleb128 0x2
 143 0089 04       		.byte	0x4
 144 008a 07       		.byte	0x7
 145 008b BA030000 		.4byte	.LASF12
 146 008f 03       		.uleb128 0x3
 147 0090 65080000 		.4byte	.LASF13
 148 0094 02       		.byte	0x2
 149 0095 18       		.byte	0x18
 150 0096 32000000 		.4byte	0x32
 151 009a 03       		.uleb128 0x3
 152 009b 5C010000 		.4byte	.LASF14
 153 009f 02       		.byte	0x2
 154 00a0 20       		.byte	0x20
 155 00a1 3D000000 		.4byte	0x3d
 156 00a5 03       		.uleb128 0x3
 157 00a6 C7030000 		.4byte	.LASF15
 158 00aa 02       		.byte	0x2
 159 00ab 24       		.byte	0x24
 160 00ac 48000000 		.4byte	0x48
 161 00b0 03       		.uleb128 0x3
 162 00b1 C6060000 		.4byte	.LASF16
 163 00b5 02       		.byte	0x2
 164 00b6 30       		.byte	0x30
 165 00b7 61000000 		.4byte	0x61
 166 00bb 02       		.uleb128 0x2
 167 00bc 04       		.byte	0x4
 168 00bd 07       		.byte	0x7
 169 00be 0C050000 		.4byte	.LASF17
 170 00c2 02       		.uleb128 0x2
 171 00c3 08       		.byte	0x8
ARM GAS  C:\Users\Rolf\AppData\Local\Temp\ccU0uC7r.s 			page 4


 172 00c4 04       		.byte	0x4
 173 00c5 6D070000 		.4byte	.LASF18
 174 00c9 05       		.uleb128 0x5
 175 00ca B8       		.byte	0xb8
 176 00cb 03       		.byte	0x3
 177 00cc 34       		.byte	0x34
 178 00cd DA040000 		.4byte	0x4da
 179 00d1 06       		.uleb128 0x6
 180 00d2 C0000000 		.4byte	.LASF19
 181 00d6 03       		.byte	0x3
 182 00d7 37       		.byte	0x37
 183 00d8 B0000000 		.4byte	0xb0
 184 00dc 00       		.byte	0
 185 00dd 06       		.uleb128 0x6
 186 00de E8020000 		.4byte	.LASF20
 187 00e2 03       		.byte	0x3
 188 00e3 38       		.byte	0x38
 189 00e4 B0000000 		.4byte	0xb0
 190 00e8 04       		.byte	0x4
 191 00e9 06       		.uleb128 0x6
 192 00ea 37020000 		.4byte	.LASF21
 193 00ee 03       		.byte	0x3
 194 00ef 39       		.byte	0x39
 195 00f0 B0000000 		.4byte	0xb0
 196 00f4 08       		.byte	0x8
 197 00f5 06       		.uleb128 0x6
 198 00f6 1C060000 		.4byte	.LASF22
 199 00fa 03       		.byte	0x3
 200 00fb 3A       		.byte	0x3a
 201 00fc B0000000 		.4byte	0xb0
 202 0100 0C       		.byte	0xc
 203 0101 06       		.uleb128 0x6
 204 0102 D5010000 		.4byte	.LASF23
 205 0106 03       		.byte	0x3
 206 0107 3B       		.byte	0x3b
 207 0108 B0000000 		.4byte	0xb0
 208 010c 10       		.byte	0x10
 209 010d 06       		.uleb128 0x6
 210 010e FE010000 		.4byte	.LASF24
 211 0112 03       		.byte	0x3
 212 0113 3C       		.byte	0x3c
 213 0114 B0000000 		.4byte	0xb0
 214 0118 14       		.byte	0x14
 215 0119 06       		.uleb128 0x6
 216 011a FF030000 		.4byte	.LASF25
 217 011e 03       		.byte	0x3
 218 011f 3D       		.byte	0x3d
 219 0120 B0000000 		.4byte	0xb0
 220 0124 18       		.byte	0x18
 221 0125 06       		.uleb128 0x6
 222 0126 67000000 		.4byte	.LASF26
 223 012a 03       		.byte	0x3
 224 012b 3E       		.byte	0x3e
 225 012c B0000000 		.4byte	0xb0
 226 0130 1C       		.byte	0x1c
 227 0131 06       		.uleb128 0x6
 228 0132 F0080000 		.4byte	.LASF27
ARM GAS  C:\Users\Rolf\AppData\Local\Temp\ccU0uC7r.s 			page 5


 229 0136 03       		.byte	0x3
 230 0137 3F       		.byte	0x3f
 231 0138 B0000000 		.4byte	0xb0
 232 013c 20       		.byte	0x20
 233 013d 06       		.uleb128 0x6
 234 013e AC050000 		.4byte	.LASF28
 235 0142 03       		.byte	0x3
 236 0143 40       		.byte	0x40
 237 0144 B0000000 		.4byte	0xb0
 238 0148 24       		.byte	0x24
 239 0149 06       		.uleb128 0x6
 240 014a DE040000 		.4byte	.LASF29
 241 014e 03       		.byte	0x3
 242 014f 43       		.byte	0x43
 243 0150 8F000000 		.4byte	0x8f
 244 0154 28       		.byte	0x28
 245 0155 06       		.uleb128 0x6
 246 0156 4D000000 		.4byte	.LASF30
 247 015a 03       		.byte	0x3
 248 015b 44       		.byte	0x44
 249 015c 8F000000 		.4byte	0x8f
 250 0160 29       		.byte	0x29
 251 0161 06       		.uleb128 0x6
 252 0162 E6080000 		.4byte	.LASF31
 253 0166 03       		.byte	0x3
 254 0167 45       		.byte	0x45
 255 0168 8F000000 		.4byte	0x8f
 256 016c 2A       		.byte	0x2a
 257 016d 06       		.uleb128 0x6
 258 016e 9E050000 		.4byte	.LASF32
 259 0172 03       		.byte	0x3
 260 0173 46       		.byte	0x46
 261 0174 8F000000 		.4byte	0x8f
 262 0178 2B       		.byte	0x2b
 263 0179 06       		.uleb128 0x6
 264 017a 51040000 		.4byte	.LASF33
 265 017e 03       		.byte	0x3
 266 017f 47       		.byte	0x47
 267 0180 8F000000 		.4byte	0x8f
 268 0184 2C       		.byte	0x2c
 269 0185 06       		.uleb128 0x6
 270 0186 C5070000 		.4byte	.LASF34
 271 018a 03       		.byte	0x3
 272 018b 48       		.byte	0x48
 273 018c 8F000000 		.4byte	0x8f
 274 0190 2D       		.byte	0x2d
 275 0191 06       		.uleb128 0x6
 276 0192 DE010000 		.4byte	.LASF35
 277 0196 03       		.byte	0x3
 278 0197 49       		.byte	0x49
 279 0198 8F000000 		.4byte	0x8f
 280 019c 2E       		.byte	0x2e
 281 019d 06       		.uleb128 0x6
 282 019e EB040000 		.4byte	.LASF36
 283 01a2 03       		.byte	0x3
 284 01a3 4A       		.byte	0x4a
 285 01a4 8F000000 		.4byte	0x8f
ARM GAS  C:\Users\Rolf\AppData\Local\Temp\ccU0uC7r.s 			page 6


 286 01a8 2F       		.byte	0x2f
 287 01a9 06       		.uleb128 0x6
 288 01aa 7E070000 		.4byte	.LASF37
 289 01ae 03       		.byte	0x3
 290 01af 4B       		.byte	0x4b
 291 01b0 8F000000 		.4byte	0x8f
 292 01b4 30       		.byte	0x30
 293 01b5 06       		.uleb128 0x6
 294 01b6 F4030000 		.4byte	.LASF38
 295 01ba 03       		.byte	0x3
 296 01bb 4E       		.byte	0x4e
 297 01bc 8F000000 		.4byte	0x8f
 298 01c0 31       		.byte	0x31
 299 01c1 06       		.uleb128 0x6
 300 01c2 70000000 		.4byte	.LASF39
 301 01c6 03       		.byte	0x3
 302 01c7 4F       		.byte	0x4f
 303 01c8 8F000000 		.4byte	0x8f
 304 01cc 32       		.byte	0x32
 305 01cd 06       		.uleb128 0x6
 306 01ce AE030000 		.4byte	.LASF40
 307 01d2 03       		.byte	0x3
 308 01d3 50       		.byte	0x50
 309 01d4 8F000000 		.4byte	0x8f
 310 01d8 33       		.byte	0x33
 311 01d9 06       		.uleb128 0x6
 312 01da 20090000 		.4byte	.LASF41
 313 01de 03       		.byte	0x3
 314 01df 51       		.byte	0x51
 315 01e0 8F000000 		.4byte	0x8f
 316 01e4 34       		.byte	0x34
 317 01e5 06       		.uleb128 0x6
 318 01e6 0D080000 		.4byte	.LASF42
 319 01ea 03       		.byte	0x3
 320 01eb 52       		.byte	0x52
 321 01ec 9A000000 		.4byte	0x9a
 322 01f0 36       		.byte	0x36
 323 01f1 06       		.uleb128 0x6
 324 01f2 69020000 		.4byte	.LASF43
 325 01f6 03       		.byte	0x3
 326 01f7 53       		.byte	0x53
 327 01f8 9A000000 		.4byte	0x9a
 328 01fc 38       		.byte	0x38
 329 01fd 06       		.uleb128 0x6
 330 01fe 35080000 		.4byte	.LASF44
 331 0202 03       		.byte	0x3
 332 0203 54       		.byte	0x54
 333 0204 9A000000 		.4byte	0x9a
 334 0208 3A       		.byte	0x3a
 335 0209 06       		.uleb128 0x6
 336 020a C7080000 		.4byte	.LASF45
 337 020e 03       		.byte	0x3
 338 020f 55       		.byte	0x55
 339 0210 8F000000 		.4byte	0x8f
 340 0214 3C       		.byte	0x3c
 341 0215 06       		.uleb128 0x6
 342 0216 90020000 		.4byte	.LASF46
ARM GAS  C:\Users\Rolf\AppData\Local\Temp\ccU0uC7r.s 			page 7


 343 021a 03       		.byte	0x3
 344 021b 56       		.byte	0x56
 345 021c 8F000000 		.4byte	0x8f
 346 0220 3D       		.byte	0x3d
 347 0221 06       		.uleb128 0x6
 348 0222 96060000 		.4byte	.LASF47
 349 0226 03       		.byte	0x3
 350 0227 57       		.byte	0x57
 351 0228 8F000000 		.4byte	0x8f
 352 022c 3E       		.byte	0x3e
 353 022d 06       		.uleb128 0x6
 354 022e 5B000000 		.4byte	.LASF48
 355 0232 03       		.byte	0x3
 356 0233 58       		.byte	0x58
 357 0234 8F000000 		.4byte	0x8f
 358 0238 3F       		.byte	0x3f
 359 0239 06       		.uleb128 0x6
 360 023a B7050000 		.4byte	.LASF49
 361 023e 03       		.byte	0x3
 362 023f 59       		.byte	0x59
 363 0240 8F000000 		.4byte	0x8f
 364 0244 40       		.byte	0x40
 365 0245 06       		.uleb128 0x6
 366 0246 FE020000 		.4byte	.LASF50
 367 024a 03       		.byte	0x3
 368 024b 5A       		.byte	0x5a
 369 024c 8F000000 		.4byte	0x8f
 370 0250 41       		.byte	0x41
 371 0251 06       		.uleb128 0x6
 372 0252 90040000 		.4byte	.LASF51
 373 0256 03       		.byte	0x3
 374 0257 5B       		.byte	0x5b
 375 0258 8F000000 		.4byte	0x8f
 376 025c 42       		.byte	0x42
 377 025d 06       		.uleb128 0x6
 378 025e 93050000 		.4byte	.LASF52
 379 0262 03       		.byte	0x3
 380 0263 5C       		.byte	0x5c
 381 0264 8F000000 		.4byte	0x8f
 382 0268 43       		.byte	0x43
 383 0269 06       		.uleb128 0x6
 384 026a 40020000 		.4byte	.LASF53
 385 026e 03       		.byte	0x3
 386 026f 5D       		.byte	0x5d
 387 0270 8F000000 		.4byte	0x8f
 388 0274 44       		.byte	0x44
 389 0275 06       		.uleb128 0x6
 390 0276 00000000 		.4byte	.LASF54
 391 027a 03       		.byte	0x3
 392 027b 5E       		.byte	0x5e
 393 027c B0000000 		.4byte	0xb0
 394 0280 48       		.byte	0x48
 395 0281 06       		.uleb128 0x6
 396 0282 29020000 		.4byte	.LASF55
 397 0286 03       		.byte	0x3
 398 0287 5F       		.byte	0x5f
 399 0288 B0000000 		.4byte	0xb0
ARM GAS  C:\Users\Rolf\AppData\Local\Temp\ccU0uC7r.s 			page 8


 400 028c 4C       		.byte	0x4c
 401 028d 06       		.uleb128 0x6
 402 028e 31090000 		.4byte	.LASF56
 403 0292 03       		.byte	0x3
 404 0293 60       		.byte	0x60
 405 0294 8F000000 		.4byte	0x8f
 406 0298 50       		.byte	0x50
 407 0299 06       		.uleb128 0x6
 408 029a 36010000 		.4byte	.LASF57
 409 029e 03       		.byte	0x3
 410 029f 61       		.byte	0x61
 411 02a0 8F000000 		.4byte	0x8f
 412 02a4 51       		.byte	0x51
 413 02a5 06       		.uleb128 0x6
 414 02a6 4A080000 		.4byte	.LASF58
 415 02aa 03       		.byte	0x3
 416 02ab 62       		.byte	0x62
 417 02ac 8F000000 		.4byte	0x8f
 418 02b0 52       		.byte	0x52
 419 02b1 06       		.uleb128 0x6
 420 02b2 0E090000 		.4byte	.LASF59
 421 02b6 03       		.byte	0x3
 422 02b7 63       		.byte	0x63
 423 02b8 8F000000 		.4byte	0x8f
 424 02bc 53       		.byte	0x53
 425 02bd 06       		.uleb128 0x6
 426 02be A4060000 		.4byte	.LASF60
 427 02c2 03       		.byte	0x3
 428 02c3 64       		.byte	0x64
 429 02c4 8F000000 		.4byte	0x8f
 430 02c8 54       		.byte	0x54
 431 02c9 06       		.uleb128 0x6
 432 02ca 48010000 		.4byte	.LASF61
 433 02ce 03       		.byte	0x3
 434 02cf 65       		.byte	0x65
 435 02d0 8F000000 		.4byte	0x8f
 436 02d4 55       		.byte	0x55
 437 02d5 06       		.uleb128 0x6
 438 02d6 D7070000 		.4byte	.LASF62
 439 02da 03       		.byte	0x3
 440 02db 66       		.byte	0x66
 441 02dc 8F000000 		.4byte	0x8f
 442 02e0 56       		.byte	0x56
 443 02e1 06       		.uleb128 0x6
 444 02e2 08040000 		.4byte	.LASF63
 445 02e6 03       		.byte	0x3
 446 02e7 67       		.byte	0x67
 447 02e8 8F000000 		.4byte	0x8f
 448 02ec 57       		.byte	0x57
 449 02ed 06       		.uleb128 0x6
 450 02ee 12000000 		.4byte	.LASF64
 451 02f2 03       		.byte	0x3
 452 02f3 68       		.byte	0x68
 453 02f4 8F000000 		.4byte	0x8f
 454 02f8 58       		.byte	0x58
 455 02f9 06       		.uleb128 0x6
 456 02fa 51060000 		.4byte	.LASF65
ARM GAS  C:\Users\Rolf\AppData\Local\Temp\ccU0uC7r.s 			page 9


 457 02fe 03       		.byte	0x3
 458 02ff 69       		.byte	0x69
 459 0300 8F000000 		.4byte	0x8f
 460 0304 59       		.byte	0x59
 461 0305 06       		.uleb128 0x6
 462 0306 15050000 		.4byte	.LASF66
 463 030a 03       		.byte	0x3
 464 030b 6E       		.byte	0x6e
 465 030c A5000000 		.4byte	0xa5
 466 0310 5A       		.byte	0x5a
 467 0311 06       		.uleb128 0x6
 468 0312 F6070000 		.4byte	.LASF67
 469 0316 03       		.byte	0x3
 470 0317 6F       		.byte	0x6f
 471 0318 A5000000 		.4byte	0xa5
 472 031c 5C       		.byte	0x5c
 473 031d 06       		.uleb128 0x6
 474 031e CA000000 		.4byte	.LASF68
 475 0322 03       		.byte	0x3
 476 0323 70       		.byte	0x70
 477 0324 8F000000 		.4byte	0x8f
 478 0328 5E       		.byte	0x5e
 479 0329 06       		.uleb128 0x6
 480 032a FF050000 		.4byte	.LASF69
 481 032e 03       		.byte	0x3
 482 032f 71       		.byte	0x71
 483 0330 8F000000 		.4byte	0x8f
 484 0334 5F       		.byte	0x5f
 485 0335 06       		.uleb128 0x6
 486 0336 82050000 		.4byte	.LASF70
 487 033a 03       		.byte	0x3
 488 033b 72       		.byte	0x72
 489 033c 8F000000 		.4byte	0x8f
 490 0340 60       		.byte	0x60
 491 0341 06       		.uleb128 0x6
 492 0342 D8050000 		.4byte	.LASF71
 493 0346 03       		.byte	0x3
 494 0347 73       		.byte	0x73
 495 0348 B0000000 		.4byte	0xb0
 496 034c 64       		.byte	0x64
 497 034d 06       		.uleb128 0x6
 498 034e 02010000 		.4byte	.LASF72
 499 0352 03       		.byte	0x3
 500 0353 76       		.byte	0x76
 501 0354 A5000000 		.4byte	0xa5
 502 0358 68       		.byte	0x68
 503 0359 06       		.uleb128 0x6
 504 035a D0030000 		.4byte	.LASF73
 505 035e 03       		.byte	0x3
 506 035f 77       		.byte	0x77
 507 0360 A5000000 		.4byte	0xa5
 508 0364 6A       		.byte	0x6a
 509 0365 06       		.uleb128 0x6
 510 0366 1C040000 		.4byte	.LASF74
 511 036a 03       		.byte	0x3
 512 036b 78       		.byte	0x78
 513 036c A5000000 		.4byte	0xa5
ARM GAS  C:\Users\Rolf\AppData\Local\Temp\ccU0uC7r.s 			page 10


 514 0370 6C       		.byte	0x6c
 515 0371 06       		.uleb128 0x6
 516 0372 44040000 		.4byte	.LASF75
 517 0376 03       		.byte	0x3
 518 0377 79       		.byte	0x79
 519 0378 A5000000 		.4byte	0xa5
 520 037c 6E       		.byte	0x6e
 521 037d 06       		.uleb128 0x6
 522 037e 82060000 		.4byte	.LASF76
 523 0382 03       		.byte	0x3
 524 0383 7B       		.byte	0x7b
 525 0384 8F000000 		.4byte	0x8f
 526 0388 70       		.byte	0x70
 527 0389 06       		.uleb128 0x6
 528 038a 92010000 		.4byte	.LASF77
 529 038e 03       		.byte	0x3
 530 038f 7C       		.byte	0x7c
 531 0390 8F000000 		.4byte	0x8f
 532 0394 71       		.byte	0x71
 533 0395 06       		.uleb128 0x6
 534 0396 F8080000 		.4byte	.LASF78
 535 039a 03       		.byte	0x3
 536 039b 7D       		.byte	0x7d
 537 039c 8F000000 		.4byte	0x8f
 538 03a0 72       		.byte	0x72
 539 03a1 06       		.uleb128 0x6
 540 03a2 4F050000 		.4byte	.LASF79
 541 03a6 03       		.byte	0x3
 542 03a7 7E       		.byte	0x7e
 543 03a8 8F000000 		.4byte	0x8f
 544 03ac 73       		.byte	0x73
 545 03ad 06       		.uleb128 0x6
 546 03ae B4060000 		.4byte	.LASF80
 547 03b2 03       		.byte	0x3
 548 03b3 80       		.byte	0x80
 549 03b4 A5000000 		.4byte	0xa5
 550 03b8 74       		.byte	0x74
 551 03b9 06       		.uleb128 0x6
 552 03ba B2070000 		.4byte	.LASF81
 553 03be 03       		.byte	0x3
 554 03bf 81       		.byte	0x81
 555 03c0 A5000000 		.4byte	0xa5
 556 03c4 76       		.byte	0x76
 557 03c5 06       		.uleb128 0x6
 558 03c6 7B020000 		.4byte	.LASF82
 559 03ca 03       		.byte	0x3
 560 03cb 82       		.byte	0x82
 561 03cc A5000000 		.4byte	0xa5
 562 03d0 78       		.byte	0x78
 563 03d1 06       		.uleb128 0x6
 564 03d2 94000000 		.4byte	.LASF83
 565 03d6 03       		.byte	0x3
 566 03d7 83       		.byte	0x83
 567 03d8 A5000000 		.4byte	0xa5
 568 03dc 7A       		.byte	0x7a
 569 03dd 06       		.uleb128 0x6
 570 03de 82080000 		.4byte	.LASF84
ARM GAS  C:\Users\Rolf\AppData\Local\Temp\ccU0uC7r.s 			page 11


 571 03e2 03       		.byte	0x3
 572 03e3 86       		.byte	0x86
 573 03e4 8F000000 		.4byte	0x8f
 574 03e8 7C       		.byte	0x7c
 575 03e9 06       		.uleb128 0x6
 576 03ea 1A080000 		.4byte	.LASF85
 577 03ee 03       		.byte	0x3
 578 03ef 87       		.byte	0x87
 579 03f0 8F000000 		.4byte	0x8f
 580 03f4 7D       		.byte	0x7d
 581 03f5 06       		.uleb128 0x6
 582 03f6 26000000 		.4byte	.LASF86
 583 03fa 03       		.byte	0x3
 584 03fb 88       		.byte	0x88
 585 03fc 8F000000 		.4byte	0x8f
 586 0400 7E       		.byte	0x7e
 587 0401 06       		.uleb128 0x6
 588 0402 D4020000 		.4byte	.LASF87
 589 0406 03       		.byte	0x3
 590 0407 89       		.byte	0x89
 591 0408 8F000000 		.4byte	0x8f
 592 040c 7F       		.byte	0x7f
 593 040d 06       		.uleb128 0x6
 594 040e 9A030000 		.4byte	.LASF88
 595 0412 03       		.byte	0x3
 596 0413 8A       		.byte	0x8a
 597 0414 8F000000 		.4byte	0x8f
 598 0418 80       		.byte	0x80
 599 0419 06       		.uleb128 0x6
 600 041a C7040000 		.4byte	.LASF89
 601 041e 03       		.byte	0x3
 602 041f 8D       		.byte	0x8d
 603 0420 B0000000 		.4byte	0xb0
 604 0424 84       		.byte	0x84
 605 0425 06       		.uleb128 0x6
 606 0426 A9000000 		.4byte	.LASF90
 607 042a 03       		.byte	0x3
 608 042b 8E       		.byte	0x8e
 609 042c B0000000 		.4byte	0xb0
 610 0430 88       		.byte	0x88
 611 0431 06       		.uleb128 0x6
 612 0432 6D080000 		.4byte	.LASF91
 613 0436 03       		.byte	0x3
 614 0437 8F       		.byte	0x8f
 615 0438 B0000000 		.4byte	0xb0
 616 043c 8C       		.byte	0x8c
 617 043d 06       		.uleb128 0x6
 618 043e F7040000 		.4byte	.LASF92
 619 0442 03       		.byte	0x3
 620 0443 90       		.byte	0x90
 621 0444 B0000000 		.4byte	0xb0
 622 0448 90       		.byte	0x90
 623 0449 06       		.uleb128 0x6
 624 044a 85030000 		.4byte	.LASF93
 625 044e 03       		.byte	0x3
 626 044f 91       		.byte	0x91
 627 0450 B0000000 		.4byte	0xb0
ARM GAS  C:\Users\Rolf\AppData\Local\Temp\ccU0uC7r.s 			page 12


 628 0454 94       		.byte	0x94
 629 0455 06       		.uleb128 0x6
 630 0456 B1040000 		.4byte	.LASF94
 631 045a 03       		.byte	0x3
 632 045b 92       		.byte	0x92
 633 045c B0000000 		.4byte	0xb0
 634 0460 98       		.byte	0x98
 635 0461 06       		.uleb128 0x6
 636 0462 B1080000 		.4byte	.LASF95
 637 0466 03       		.byte	0x3
 638 0467 93       		.byte	0x93
 639 0468 B0000000 		.4byte	0xb0
 640 046c 9C       		.byte	0x9c
 641 046d 06       		.uleb128 0x6
 642 046e 12010000 		.4byte	.LASF96
 643 0472 03       		.byte	0x3
 644 0473 94       		.byte	0x94
 645 0474 B0000000 		.4byte	0xb0
 646 0478 A0       		.byte	0xa0
 647 0479 06       		.uleb128 0x6
 648 047a E9010000 		.4byte	.LASF97
 649 047e 03       		.byte	0x3
 650 047f 95       		.byte	0x95
 651 0480 A5000000 		.4byte	0xa5
 652 0484 A4       		.byte	0xa4
 653 0485 06       		.uleb128 0x6
 654 0486 9C040000 		.4byte	.LASF98
 655 048a 03       		.byte	0x3
 656 048b 96       		.byte	0x96
 657 048c A5000000 		.4byte	0xa5
 658 0490 A6       		.byte	0xa6
 659 0491 06       		.uleb128 0x6
 660 0492 F3050000 		.4byte	.LASF99
 661 0496 03       		.byte	0x3
 662 0497 97       		.byte	0x97
 663 0498 A5000000 		.4byte	0xa5
 664 049c A8       		.byte	0xa8
 665 049d 06       		.uleb128 0x6
 666 049e 8A070000 		.4byte	.LASF100
 667 04a2 03       		.byte	0x3
 668 04a3 98       		.byte	0x98
 669 04a4 A5000000 		.4byte	0xa5
 670 04a8 AA       		.byte	0xaa
 671 04a9 06       		.uleb128 0x6
 672 04aa 2B040000 		.4byte	.LASF101
 673 04ae 03       		.byte	0x3
 674 04af 99       		.byte	0x99
 675 04b0 A5000000 		.4byte	0xa5
 676 04b4 AC       		.byte	0xac
 677 04b5 06       		.uleb128 0x6
 678 04b6 66050000 		.4byte	.LASF102
 679 04ba 03       		.byte	0x3
 680 04bb 9A       		.byte	0x9a
 681 04bc A5000000 		.4byte	0xa5
 682 04c0 AE       		.byte	0xae
 683 04c1 06       		.uleb128 0x6
 684 04c2 FF070000 		.4byte	.LASF103
ARM GAS  C:\Users\Rolf\AppData\Local\Temp\ccU0uC7r.s 			page 13


 685 04c6 03       		.byte	0x3
 686 04c7 9D       		.byte	0x9d
 687 04c8 A5000000 		.4byte	0xa5
 688 04cc B0       		.byte	0xb0
 689 04cd 06       		.uleb128 0x6
 690 04ce 39000000 		.4byte	.LASF104
 691 04d2 03       		.byte	0x3
 692 04d3 9E       		.byte	0x9e
 693 04d4 B0000000 		.4byte	0xb0
 694 04d8 B4       		.byte	0xb4
 695 04d9 00       		.byte	0
 696 04da 03       		.uleb128 0x3
 697 04db 69040000 		.4byte	.LASF105
 698 04df 03       		.byte	0x3
 699 04e0 9F       		.byte	0x9f
 700 04e1 C9000000 		.4byte	0xc9
 701 04e5 02       		.uleb128 0x2
 702 04e6 01       		.byte	0x1
 703 04e7 08       		.byte	0x8
 704 04e8 79070000 		.4byte	.LASF106
 705 04ec 02       		.uleb128 0x2
 706 04ed 04       		.byte	0x4
 707 04ee 04       		.byte	0x4
 708 04ef D2050000 		.4byte	.LASF107
 709 04f3 02       		.uleb128 0x2
 710 04f4 08       		.byte	0x8
 711 04f5 04       		.byte	0x4
 712 04f6 74020000 		.4byte	.LASF108
 713 04fa 07       		.uleb128 0x7
 714 04fb CD020000 		.4byte	.LASF109
 715 04ff 04       		.byte	0x4
 716 0500 EC03     		.2byte	0x3ec
 717 0502 B0000000 		.4byte	0xb0
 718 0506 08       		.uleb128 0x8
 719 0507 01       		.byte	0x1
 720 0508 24000000 		.4byte	0x24
 721 050c 05       		.byte	0x5
 722 050d 1304     		.2byte	0x413
 723 050f 2C050000 		.4byte	0x52c
 724 0513 09       		.uleb128 0x9
 725 0514 08020000 		.4byte	.LASF110
 726 0518 00       		.byte	0
 727 0519 09       		.uleb128 0x9
 728 051a 24060000 		.4byte	.LASF111
 729 051e 01       		.byte	0x1
 730 051f 09       		.uleb128 0x9
 731 0520 51020000 		.4byte	.LASF112
 732 0524 02       		.byte	0x2
 733 0525 09       		.uleb128 0x9
 734 0526 97080000 		.4byte	.LASF113
 735 052a 03       		.byte	0x3
 736 052b 00       		.byte	0
 737 052c 07       		.uleb128 0x7
 738 052d A7010000 		.4byte	.LASF114
 739 0531 05       		.byte	0x5
 740 0532 1804     		.2byte	0x418
 741 0534 06050000 		.4byte	0x506
ARM GAS  C:\Users\Rolf\AppData\Local\Temp\ccU0uC7r.s 			page 14


 742 0538 0A       		.uleb128 0xa
 743 0539 78       		.byte	0x78
 744 053a 05       		.byte	0x5
 745 053b 0205     		.2byte	0x502
 746 053d 05060000 		.4byte	0x605
 747 0541 0B       		.uleb128 0xb
 748 0542 D2070000 		.4byte	.LASF115
 749 0546 05       		.byte	0x5
 750 0547 0405     		.2byte	0x504
 751 0549 B0000000 		.4byte	0xb0
 752 054d 00       		.byte	0
 753 054e 0B       		.uleb128 0xb
 754 054f 5A080000 		.4byte	.LASF116
 755 0553 05       		.byte	0x5
 756 0554 0505     		.2byte	0x505
 757 0556 B0000000 		.4byte	0xb0
 758 055a 04       		.byte	0x4
 759 055b 0B       		.uleb128 0xb
 760 055c AD020000 		.4byte	.LASF117
 761 0560 05       		.byte	0x5
 762 0561 0605     		.2byte	0x506
 763 0563 B0000000 		.4byte	0xb0
 764 0567 08       		.byte	0x8
 765 0568 0B       		.uleb128 0xb
 766 0569 42050000 		.4byte	.LASF118
 767 056d 05       		.byte	0x5
 768 056e 0705     		.2byte	0x507
 769 0570 B0000000 		.4byte	0xb0
 770 0574 0C       		.byte	0xc
 771 0575 0B       		.uleb128 0xb
 772 0576 39040000 		.4byte	.LASF119
 773 057a 05       		.byte	0x5
 774 057b 0805     		.2byte	0x508
 775 057d B0000000 		.4byte	0xb0
 776 0581 10       		.byte	0x10
 777 0582 0B       		.uleb128 0xb
 778 0583 2B080000 		.4byte	.LASF120
 779 0587 05       		.byte	0x5
 780 0588 0905     		.2byte	0x509
 781 058a 2C050000 		.4byte	0x52c
 782 058e 14       		.byte	0x14
 783 058f 0B       		.uleb128 0xb
 784 0590 15060000 		.4byte	.LASF121
 785 0594 05       		.byte	0x5
 786 0595 0A05     		.2byte	0x50a
 787 0597 B0000000 		.4byte	0xb0
 788 059b 18       		.byte	0x18
 789 059c 0B       		.uleb128 0xb
 790 059d 79040000 		.4byte	.LASF122
 791 05a1 05       		.byte	0x5
 792 05a2 0B05     		.2byte	0x50b
 793 05a4 05060000 		.4byte	0x605
 794 05a8 1C       		.byte	0x1c
 795 05a9 0B       		.uleb128 0xb
 796 05aa 79060000 		.4byte	.LASF123
 797 05ae 05       		.byte	0x5
 798 05af 0C05     		.2byte	0x50c
ARM GAS  C:\Users\Rolf\AppData\Local\Temp\ccU0uC7r.s 			page 15


 799 05b1 B0000000 		.4byte	0xb0
 800 05b5 5C       		.byte	0x5c
 801 05b6 0B       		.uleb128 0xb
 802 05b7 88000000 		.4byte	.LASF124
 803 05bb 05       		.byte	0x5
 804 05bc 0D05     		.2byte	0x50d
 805 05be B0000000 		.4byte	0xb0
 806 05c2 60       		.byte	0x60
 807 05c3 0B       		.uleb128 0xb
 808 05c4 C4050000 		.4byte	.LASF125
 809 05c8 05       		.byte	0x5
 810 05c9 0E05     		.2byte	0x50e
 811 05cb B0000000 		.4byte	0xb0
 812 05cf 64       		.byte	0x64
 813 05d0 0B       		.uleb128 0xb
 814 05d1 6F060000 		.4byte	.LASF126
 815 05d5 05       		.byte	0x5
 816 05d6 0F05     		.2byte	0x50f
 817 05d8 B0000000 		.4byte	0xb0
 818 05dc 68       		.byte	0x68
 819 05dd 0B       		.uleb128 0xb
 820 05de D6080000 		.4byte	.LASF127
 821 05e2 05       		.byte	0x5
 822 05e3 1005     		.2byte	0x510
 823 05e5 B0000000 		.4byte	0xb0
 824 05e9 6C       		.byte	0x6c
 825 05ea 0B       		.uleb128 0xb
 826 05eb 74050000 		.4byte	.LASF128
 827 05ef 05       		.byte	0x5
 828 05f0 1105     		.2byte	0x511
 829 05f2 15060000 		.4byte	0x615
 830 05f6 70       		.byte	0x70
 831 05f7 0B       		.uleb128 0xb
 832 05f8 CF060000 		.4byte	.LASF129
 833 05fc 05       		.byte	0x5
 834 05fd 1205     		.2byte	0x512
 835 05ff B0000000 		.4byte	0xb0
 836 0603 74       		.byte	0x74
 837 0604 00       		.byte	0
 838 0605 0C       		.uleb128 0xc
 839 0606 B0000000 		.4byte	0xb0
 840 060a 15060000 		.4byte	0x615
 841 060e 0D       		.uleb128 0xd
 842 060f BB000000 		.4byte	0xbb
 843 0613 0F       		.byte	0xf
 844 0614 00       		.byte	0
 845 0615 02       		.uleb128 0x2
 846 0616 01       		.byte	0x1
 847 0617 02       		.byte	0x2
 848 0618 3D060000 		.4byte	.LASF130
 849 061c 07       		.uleb128 0x7
 850 061d 64010000 		.4byte	.LASF131
 851 0621 05       		.byte	0x5
 852 0622 1305     		.2byte	0x513
 853 0624 38050000 		.4byte	0x538
 854 0628 05       		.uleb128 0x5
 855 0629 14       		.byte	0x14
ARM GAS  C:\Users\Rolf\AppData\Local\Temp\ccU0uC7r.s 			page 16


 856 062a 06       		.byte	0x6
 857 062b 3B       		.byte	0x3b
 858 062c 6D060000 		.4byte	0x66d
 859 0630 06       		.uleb128 0x6
 860 0631 84040000 		.4byte	.LASF132
 861 0635 06       		.byte	0x6
 862 0636 3D       		.byte	0x3d
 863 0637 B0000000 		.4byte	0xb0
 864 063b 00       		.byte	0
 865 063c 06       		.uleb128 0x6
 866 063d 5D040000 		.4byte	.LASF133
 867 0641 06       		.byte	0x6
 868 0642 3E       		.byte	0x3e
 869 0643 B0000000 		.4byte	0xb0
 870 0647 04       		.byte	0x4
 871 0648 06       		.uleb128 0x6
 872 0649 0E030000 		.4byte	.LASF134
 873 064d 06       		.byte	0x6
 874 064e 3F       		.byte	0x3f
 875 064f 6D060000 		.4byte	0x66d
 876 0653 08       		.byte	0x8
 877 0654 06       		.uleb128 0x6
 878 0655 EB070000 		.4byte	.LASF135
 879 0659 06       		.byte	0x6
 880 065a 40       		.byte	0x40
 881 065b B0000000 		.4byte	0xb0
 882 065f 0C       		.byte	0xc
 883 0660 06       		.uleb128 0x6
 884 0661 CA010000 		.4byte	.LASF136
 885 0665 06       		.byte	0x6
 886 0666 45       		.byte	0x45
 887 0667 B0000000 		.4byte	0xb0
 888 066b 10       		.byte	0x10
 889 066c 00       		.byte	0
 890 066d 0E       		.uleb128 0xe
 891 066e 04       		.byte	0x4
 892 066f 73060000 		.4byte	0x673
 893 0673 0F       		.uleb128 0xf
 894 0674 1C060000 		.4byte	0x61c
 895 0678 03       		.uleb128 0x3
 896 0679 9B020000 		.4byte	.LASF137
 897 067d 06       		.byte	0x6
 898 067e 48       		.byte	0x48
 899 067f 28060000 		.4byte	0x628
 900 0683 0C       		.uleb128 0xc
 901 0684 73060000 		.4byte	0x673
 902 0688 93060000 		.4byte	0x693
 903 068c 0D       		.uleb128 0xd
 904 068d BB000000 		.4byte	0xbb
 905 0691 00       		.byte	0
 906 0692 00       		.byte	0
 907 0693 10       		.uleb128 0x10
 908 0694 28010000 		.4byte	.LASF144
 909 0698 07       		.byte	0x7
 910 0699 2A       		.byte	0x2a
 911 069a A4060000 		.4byte	0x6a4
 912 069e 05       		.uleb128 0x5
ARM GAS  C:\Users\Rolf\AppData\Local\Temp\ccU0uC7r.s 			page 17


 913 069f 03       		.byte	0x3
 914 06a0 14000000 		.4byte	ADC_hwConfigs
 915 06a4 0F       		.uleb128 0xf
 916 06a5 83060000 		.4byte	0x683
 917 06a9 11       		.uleb128 0x11
 918 06aa E9050000 		.4byte	.LASF138
 919 06ae 03       		.byte	0x3
 920 06af A7       		.byte	0xa7
 921 06b0 B4060000 		.4byte	0x6b4
 922 06b4 0E       		.uleb128 0xe
 923 06b5 04       		.byte	0x4
 924 06b6 BA060000 		.4byte	0x6ba
 925 06ba 0F       		.uleb128 0xf
 926 06bb DA040000 		.4byte	0x4da
 927 06bf 12       		.uleb128 0x12
 928 06c0 D9000000 		.4byte	.LASF139
 929 06c4 06       		.byte	0x6
 930 06c5 6001     		.2byte	0x160
 931 06c7 B0000000 		.4byte	0xb0
 932 06cb 0C       		.uleb128 0xc
 933 06cc DB060000 		.4byte	0x6db
 934 06d0 DB060000 		.4byte	0x6db
 935 06d4 0D       		.uleb128 0xd
 936 06d5 BB000000 		.4byte	0xbb
 937 06d9 00       		.byte	0
 938 06da 00       		.byte	0
 939 06db 0F       		.uleb128 0xf
 940 06dc 78060000 		.4byte	0x678
 941 06e0 13       		.uleb128 0x13
 942 06e1 98070000 		.4byte	.LASF140
 943 06e5 07       		.byte	0x7
 944 06e6 90       		.byte	0x90
 945 06e7 F1060000 		.4byte	0x6f1
 946 06eb 05       		.uleb128 0x5
 947 06ec 03       		.byte	0x3
 948 06ed 00000000 		.4byte	ADC_allConfigs
 949 06f1 0F       		.uleb128 0xf
 950 06f2 CB060000 		.4byte	0x6cb
 951 06f6 00       		.byte	0
 952              		.section	.debug_abbrev,"",%progbits
 953              	.Ldebug_abbrev0:
 954 0000 01       		.uleb128 0x1
 955 0001 11       		.uleb128 0x11
 956 0002 01       		.byte	0x1
 957 0003 25       		.uleb128 0x25
 958 0004 0E       		.uleb128 0xe
 959 0005 13       		.uleb128 0x13
 960 0006 0B       		.uleb128 0xb
 961 0007 03       		.uleb128 0x3
 962 0008 0E       		.uleb128 0xe
 963 0009 1B       		.uleb128 0x1b
 964 000a 0E       		.uleb128 0xe
 965 000b 10       		.uleb128 0x10
 966 000c 17       		.uleb128 0x17
 967 000d 00       		.byte	0
 968 000e 00       		.byte	0
 969 000f 02       		.uleb128 0x2
ARM GAS  C:\Users\Rolf\AppData\Local\Temp\ccU0uC7r.s 			page 18


 970 0010 24       		.uleb128 0x24
 971 0011 00       		.byte	0
 972 0012 0B       		.uleb128 0xb
 973 0013 0B       		.uleb128 0xb
 974 0014 3E       		.uleb128 0x3e
 975 0015 0B       		.uleb128 0xb
 976 0016 03       		.uleb128 0x3
 977 0017 0E       		.uleb128 0xe
 978 0018 00       		.byte	0
 979 0019 00       		.byte	0
 980 001a 03       		.uleb128 0x3
 981 001b 16       		.uleb128 0x16
 982 001c 00       		.byte	0
 983 001d 03       		.uleb128 0x3
 984 001e 0E       		.uleb128 0xe
 985 001f 3A       		.uleb128 0x3a
 986 0020 0B       		.uleb128 0xb
 987 0021 3B       		.uleb128 0x3b
 988 0022 0B       		.uleb128 0xb
 989 0023 49       		.uleb128 0x49
 990 0024 13       		.uleb128 0x13
 991 0025 00       		.byte	0
 992 0026 00       		.byte	0
 993 0027 04       		.uleb128 0x4
 994 0028 24       		.uleb128 0x24
 995 0029 00       		.byte	0
 996 002a 0B       		.uleb128 0xb
 997 002b 0B       		.uleb128 0xb
 998 002c 3E       		.uleb128 0x3e
 999 002d 0B       		.uleb128 0xb
 1000 002e 03       		.uleb128 0x3
 1001 002f 08       		.uleb128 0x8
 1002 0030 00       		.byte	0
 1003 0031 00       		.byte	0
 1004 0032 05       		.uleb128 0x5
 1005 0033 13       		.uleb128 0x13
 1006 0034 01       		.byte	0x1
 1007 0035 0B       		.uleb128 0xb
 1008 0036 0B       		.uleb128 0xb
 1009 0037 3A       		.uleb128 0x3a
 1010 0038 0B       		.uleb128 0xb
 1011 0039 3B       		.uleb128 0x3b
 1012 003a 0B       		.uleb128 0xb
 1013 003b 01       		.uleb128 0x1
 1014 003c 13       		.uleb128 0x13
 1015 003d 00       		.byte	0
 1016 003e 00       		.byte	0
 1017 003f 06       		.uleb128 0x6
 1018 0040 0D       		.uleb128 0xd
 1019 0041 00       		.byte	0
 1020 0042 03       		.uleb128 0x3
 1021 0043 0E       		.uleb128 0xe
 1022 0044 3A       		.uleb128 0x3a
 1023 0045 0B       		.uleb128 0xb
 1024 0046 3B       		.uleb128 0x3b
 1025 0047 0B       		.uleb128 0xb
 1026 0048 49       		.uleb128 0x49
ARM GAS  C:\Users\Rolf\AppData\Local\Temp\ccU0uC7r.s 			page 19


 1027 0049 13       		.uleb128 0x13
 1028 004a 38       		.uleb128 0x38
 1029 004b 0B       		.uleb128 0xb
 1030 004c 00       		.byte	0
 1031 004d 00       		.byte	0
 1032 004e 07       		.uleb128 0x7
 1033 004f 16       		.uleb128 0x16
 1034 0050 00       		.byte	0
 1035 0051 03       		.uleb128 0x3
 1036 0052 0E       		.uleb128 0xe
 1037 0053 3A       		.uleb128 0x3a
 1038 0054 0B       		.uleb128 0xb
 1039 0055 3B       		.uleb128 0x3b
 1040 0056 05       		.uleb128 0x5
 1041 0057 49       		.uleb128 0x49
 1042 0058 13       		.uleb128 0x13
 1043 0059 00       		.byte	0
 1044 005a 00       		.byte	0
 1045 005b 08       		.uleb128 0x8
 1046 005c 04       		.uleb128 0x4
 1047 005d 01       		.byte	0x1
 1048 005e 0B       		.uleb128 0xb
 1049 005f 0B       		.uleb128 0xb
 1050 0060 49       		.uleb128 0x49
 1051 0061 13       		.uleb128 0x13
 1052 0062 3A       		.uleb128 0x3a
 1053 0063 0B       		.uleb128 0xb
 1054 0064 3B       		.uleb128 0x3b
 1055 0065 05       		.uleb128 0x5
 1056 0066 01       		.uleb128 0x1
 1057 0067 13       		.uleb128 0x13
 1058 0068 00       		.byte	0
 1059 0069 00       		.byte	0
 1060 006a 09       		.uleb128 0x9
 1061 006b 28       		.uleb128 0x28
 1062 006c 00       		.byte	0
 1063 006d 03       		.uleb128 0x3
 1064 006e 0E       		.uleb128 0xe
 1065 006f 1C       		.uleb128 0x1c
 1066 0070 0B       		.uleb128 0xb
 1067 0071 00       		.byte	0
 1068 0072 00       		.byte	0
 1069 0073 0A       		.uleb128 0xa
 1070 0074 13       		.uleb128 0x13
 1071 0075 01       		.byte	0x1
 1072 0076 0B       		.uleb128 0xb
 1073 0077 0B       		.uleb128 0xb
 1074 0078 3A       		.uleb128 0x3a
 1075 0079 0B       		.uleb128 0xb
 1076 007a 3B       		.uleb128 0x3b
 1077 007b 05       		.uleb128 0x5
 1078 007c 01       		.uleb128 0x1
 1079 007d 13       		.uleb128 0x13
 1080 007e 00       		.byte	0
 1081 007f 00       		.byte	0
 1082 0080 0B       		.uleb128 0xb
 1083 0081 0D       		.uleb128 0xd
ARM GAS  C:\Users\Rolf\AppData\Local\Temp\ccU0uC7r.s 			page 20


 1084 0082 00       		.byte	0
 1085 0083 03       		.uleb128 0x3
 1086 0084 0E       		.uleb128 0xe
 1087 0085 3A       		.uleb128 0x3a
 1088 0086 0B       		.uleb128 0xb
 1089 0087 3B       		.uleb128 0x3b
 1090 0088 05       		.uleb128 0x5
 1091 0089 49       		.uleb128 0x49
 1092 008a 13       		.uleb128 0x13
 1093 008b 38       		.uleb128 0x38
 1094 008c 0B       		.uleb128 0xb
 1095 008d 00       		.byte	0
 1096 008e 00       		.byte	0
 1097 008f 0C       		.uleb128 0xc
 1098 0090 01       		.uleb128 0x1
 1099 0091 01       		.byte	0x1
 1100 0092 49       		.uleb128 0x49
 1101 0093 13       		.uleb128 0x13
 1102 0094 01       		.uleb128 0x1
 1103 0095 13       		.uleb128 0x13
 1104 0096 00       		.byte	0
 1105 0097 00       		.byte	0
 1106 0098 0D       		.uleb128 0xd
 1107 0099 21       		.uleb128 0x21
 1108 009a 00       		.byte	0
 1109 009b 49       		.uleb128 0x49
 1110 009c 13       		.uleb128 0x13
 1111 009d 2F       		.uleb128 0x2f
 1112 009e 0B       		.uleb128 0xb
 1113 009f 00       		.byte	0
 1114 00a0 00       		.byte	0
 1115 00a1 0E       		.uleb128 0xe
 1116 00a2 0F       		.uleb128 0xf
 1117 00a3 00       		.byte	0
 1118 00a4 0B       		.uleb128 0xb
 1119 00a5 0B       		.uleb128 0xb
 1120 00a6 49       		.uleb128 0x49
 1121 00a7 13       		.uleb128 0x13
 1122 00a8 00       		.byte	0
 1123 00a9 00       		.byte	0
 1124 00aa 0F       		.uleb128 0xf
 1125 00ab 26       		.uleb128 0x26
 1126 00ac 00       		.byte	0
 1127 00ad 49       		.uleb128 0x49
 1128 00ae 13       		.uleb128 0x13
 1129 00af 00       		.byte	0
 1130 00b0 00       		.byte	0
 1131 00b1 10       		.uleb128 0x10
 1132 00b2 34       		.uleb128 0x34
 1133 00b3 00       		.byte	0
 1134 00b4 03       		.uleb128 0x3
 1135 00b5 0E       		.uleb128 0xe
 1136 00b6 3A       		.uleb128 0x3a
 1137 00b7 0B       		.uleb128 0xb
 1138 00b8 3B       		.uleb128 0x3b
 1139 00b9 0B       		.uleb128 0xb
 1140 00ba 49       		.uleb128 0x49
ARM GAS  C:\Users\Rolf\AppData\Local\Temp\ccU0uC7r.s 			page 21


 1141 00bb 13       		.uleb128 0x13
 1142 00bc 02       		.uleb128 0x2
 1143 00bd 18       		.uleb128 0x18
 1144 00be 00       		.byte	0
 1145 00bf 00       		.byte	0
 1146 00c0 11       		.uleb128 0x11
 1147 00c1 34       		.uleb128 0x34
 1148 00c2 00       		.byte	0
 1149 00c3 03       		.uleb128 0x3
 1150 00c4 0E       		.uleb128 0xe
 1151 00c5 3A       		.uleb128 0x3a
 1152 00c6 0B       		.uleb128 0xb
 1153 00c7 3B       		.uleb128 0x3b
 1154 00c8 0B       		.uleb128 0xb
 1155 00c9 49       		.uleb128 0x49
 1156 00ca 13       		.uleb128 0x13
 1157 00cb 3F       		.uleb128 0x3f
 1158 00cc 19       		.uleb128 0x19
 1159 00cd 3C       		.uleb128 0x3c
 1160 00ce 19       		.uleb128 0x19
 1161 00cf 00       		.byte	0
 1162 00d0 00       		.byte	0
 1163 00d1 12       		.uleb128 0x12
 1164 00d2 34       		.uleb128 0x34
 1165 00d3 00       		.byte	0
 1166 00d4 03       		.uleb128 0x3
 1167 00d5 0E       		.uleb128 0xe
 1168 00d6 3A       		.uleb128 0x3a
 1169 00d7 0B       		.uleb128 0xb
 1170 00d8 3B       		.uleb128 0x3b
 1171 00d9 05       		.uleb128 0x5
 1172 00da 49       		.uleb128 0x49
 1173 00db 13       		.uleb128 0x13
 1174 00dc 3F       		.uleb128 0x3f
 1175 00dd 19       		.uleb128 0x19
 1176 00de 3C       		.uleb128 0x3c
 1177 00df 19       		.uleb128 0x19
 1178 00e0 00       		.byte	0
 1179 00e1 00       		.byte	0
 1180 00e2 13       		.uleb128 0x13
 1181 00e3 34       		.uleb128 0x34
 1182 00e4 00       		.byte	0
 1183 00e5 03       		.uleb128 0x3
 1184 00e6 0E       		.uleb128 0xe
 1185 00e7 3A       		.uleb128 0x3a
 1186 00e8 0B       		.uleb128 0xb
 1187 00e9 3B       		.uleb128 0x3b
 1188 00ea 0B       		.uleb128 0xb
 1189 00eb 49       		.uleb128 0x49
 1190 00ec 13       		.uleb128 0x13
 1191 00ed 3F       		.uleb128 0x3f
 1192 00ee 19       		.uleb128 0x19
 1193 00ef 02       		.uleb128 0x2
 1194 00f0 18       		.uleb128 0x18
 1195 00f1 00       		.byte	0
 1196 00f2 00       		.byte	0
 1197 00f3 00       		.byte	0
ARM GAS  C:\Users\Rolf\AppData\Local\Temp\ccU0uC7r.s 			page 22


 1198              		.section	.debug_aranges,"",%progbits
 1199 0000 14000000 		.4byte	0x14
 1200 0004 0200     		.2byte	0x2
 1201 0006 00000000 		.4byte	.Ldebug_info0
 1202 000a 04       		.byte	0x4
 1203 000b 00       		.byte	0
 1204 000c 0000     		.2byte	0
 1205 000e 0000     		.2byte	0
 1206 0010 00000000 		.4byte	0
 1207 0014 00000000 		.4byte	0
 1208              		.section	.debug_line,"",%progbits
 1209              	.Ldebug_line0:
 1210 0000 12020000 		.section	.debug_str,"MS",%progbits,1
 1210      02000C02 
 1210      00000201 
 1210      FB0E0D00 
 1210      01010101 
 1211              	.LASF54:
 1212 0000 70726F74 		.ascii	"protBusMasterMask\000"
 1212      4275734D 
 1212      61737465 
 1212      724D6173 
 1212      6B00
 1213              	.LASF64:
 1214 0012 666C6173 		.ascii	"flashCtlMainWs3Freq\000"
 1214      6843746C 
 1214      4D61696E 
 1214      57733346 
 1214      72657100 
 1215              	.LASF86:
 1216 0026 6770696F 		.ascii	"gpioPrtCfgInOffset\000"
 1216      50727443 
 1216      6667496E 
 1216      4F666673 
 1216      657400
 1217              	.LASF104:
 1218 0039 6970634C 		.ascii	"ipcLockStatusOffset\000"
 1218      6F636B53 
 1218      74617475 
 1218      734F6666 
 1218      73657400 
 1219              	.LASF30:
 1220 004d 63727970 		.ascii	"cryptoVersion\000"
 1220      746F5665 
 1220      7273696F 
 1220      6E00
 1221              	.LASF48:
 1222 005b 70657269 		.ascii	"periClockNr\000"
 1222      436C6F63 
 1222      6B4E7200 
 1223              	.LASF26:
 1224 0067 70617373 		.ascii	"passBase\000"
 1224      42617365 
 1224      00
 1225              	.LASF39:
 1226 0070 63707573 		.ascii	"cpussIpcIrqNr\000"
 1226      73497063 
ARM GAS  C:\Users\Rolf\AppData\Local\Temp\ccU0uC7r.s 			page 23


 1226      4972714E 
 1226      7200
 1227              	.LASF3:
 1228 007e 5F5F7569 		.ascii	"__uint8_t\000"
 1228      6E74385F 
 1228      7400
 1229              	.LASF124:
 1230 0088 73617449 		.ascii	"satIntrMask\000"
 1230      6E74724D 
 1230      61736B00 
 1231              	.LASF83:
 1232 0094 70657269 		.ascii	"periDiv24_5CtlOffset\000"
 1232      44697632 
 1232      345F3543 
 1232      746C4F66 
 1232      66736574 
 1233              	.LASF90:
 1234 00a9 63707573 		.ascii	"cpussCm4ClockCtlOffset\000"
 1234      73436D34 
 1234      436C6F63 
 1234      6B43746C 
 1234      4F666673 
 1235              	.LASF19:
 1236 00c0 63707573 		.ascii	"cpussBase\000"
 1236      73426173 
 1236      6500
 1237              	.LASF68:
 1238 00ca 64774368 		.ascii	"dwChCtlPrioPos\000"
 1238      43746C50 
 1238      72696F50 
 1238      6F7300
 1239              	.LASF139:
 1240 00d9 4144435F 		.ascii	"ADC_currentConfig\000"
 1240      63757272 
 1240      656E7443 
 1240      6F6E6669 
 1240      6700
 1241              	.LASF11:
 1242 00eb 6C6F6E67 		.ascii	"long long unsigned int\000"
 1242      206C6F6E 
 1242      6720756E 
 1242      7369676E 
 1242      65642069 
 1243              	.LASF72:
 1244 0102 70657269 		.ascii	"periTrCmdOffset\000"
 1244      5472436D 
 1244      644F6666 
 1244      73657400 
 1245              	.LASF96:
 1246 0112 63707573 		.ascii	"cpussSysTickCtlOffset\000"
 1246      73537973 
 1246      5469636B 
 1246      43746C4F 
 1246      66667365 
 1247              	.LASF144:
 1248 0128 4144435F 		.ascii	"ADC_hwConfigs\000"
 1248      6877436F 
ARM GAS  C:\Users\Rolf\AppData\Local\Temp\ccU0uC7r.s 			page 24


 1248      6E666967 
 1248      7300
 1249              	.LASF57:
 1250 0136 666C6173 		.ascii	"flashPipeRequired\000"
 1250      68506970 
 1250      65526571 
 1250      75697265 
 1250      6400
 1251              	.LASF61:
 1252 0148 666C6173 		.ascii	"flashCtlMainWs0Freq\000"
 1252      6843746C 
 1252      4D61696E 
 1252      57733046 
 1252      72657100 
 1253              	.LASF14:
 1254 015c 696E7431 		.ascii	"int16_t\000"
 1254      365F7400 
 1255              	.LASF131:
 1256 0164 63795F73 		.ascii	"cy_stc_sar_config_t\000"
 1256      74635F73 
 1256      61725F63 
 1256      6F6E6669 
 1256      675F7400 
 1257              	.LASF10:
 1258 0178 6C6F6E67 		.ascii	"long long int\000"
 1258      206C6F6E 
 1258      6720696E 
 1258      7400
 1259              	.LASF2:
 1260 0186 7369676E 		.ascii	"signed char\000"
 1260      65642063 
 1260      68617200 
 1261              	.LASF77:
 1262 0192 70657269 		.ascii	"periDivCmdTypeSelPos\000"
 1262      44697643 
 1262      6D645479 
 1262      70655365 
 1262      6C506F73 
 1263              	.LASF114:
 1264 01a7 63795F65 		.ascii	"cy_en_sar_range_detect_condition_t\000"
 1264      6E5F7361 
 1264      725F7261 
 1264      6E67655F 
 1264      64657465 
 1265              	.LASF136:
 1266 01ca 636C6B44 		.ascii	"clkDivider\000"
 1266      69766964 
 1266      657200
 1267              	.LASF23:
 1268 01d5 70726F74 		.ascii	"protBase\000"
 1268      42617365 
 1268      00
 1269              	.LASF35:
 1270 01de 69706356 		.ascii	"ipcVersion\000"
 1270      65727369 
 1270      6F6E00
 1271              	.LASF97:
ARM GAS  C:\Users\Rolf\AppData\Local\Temp\ccU0uC7r.s 			page 25


 1272 01e9 63707573 		.ascii	"cpussCm0NmiCtlOffset\000"
 1272      73436D30 
 1272      4E6D6943 
 1272      746C4F66 
 1272      66736574 
 1273              	.LASF24:
 1274 01fe 6873696F 		.ascii	"hsiomBase\000"
 1274      6D426173 
 1274      6500
 1275              	.LASF110:
 1276 0208 43595F53 		.ascii	"CY_SAR_RANGE_COND_BELOW\000"
 1276      41525F52 
 1276      414E4745 
 1276      5F434F4E 
 1276      445F4245 
 1277              	.LASF7:
 1278 0220 6C6F6E67 		.ascii	"long int\000"
 1278      20696E74 
 1278      00
 1279              	.LASF55:
 1280 0229 63727970 		.ascii	"cryptoMemSize\000"
 1280      746F4D65 
 1280      6D53697A 
 1280      6500
 1281              	.LASF21:
 1282 0237 70657269 		.ascii	"periBase\000"
 1282      42617365 
 1282      00
 1283              	.LASF53:
 1284 0240 73797350 		.ascii	"sysPmSimoPresent\000"
 1284      6D53696D 
 1284      6F507265 
 1284      73656E74 
 1284      00
 1285              	.LASF112:
 1286 0251 43595F53 		.ascii	"CY_SAR_RANGE_COND_ABOVE\000"
 1286      41525F52 
 1286      414E4745 
 1286      5F434F4E 
 1286      445F4142 
 1287              	.LASF43:
 1288 0269 63707573 		.ascii	"cpussFmIrq\000"
 1288      73466D49 
 1288      727100
 1289              	.LASF108:
 1290 0274 646F7562 		.ascii	"double\000"
 1290      6C6500
 1291              	.LASF82:
 1292 027b 70657269 		.ascii	"periDiv16_5CtlOffset\000"
 1292      44697631 
 1292      365F3543 
 1292      746C4F66 
 1292      66736574 
 1293              	.LASF46:
 1294 0290 73727373 		.ascii	"srssNumPll\000"
 1294      4E756D50 
 1294      6C6C00
ARM GAS  C:\Users\Rolf\AppData\Local\Temp\ccU0uC7r.s 			page 26


 1295              	.LASF137:
 1296 029b 4144435F 		.ascii	"ADC_CONFIG_STRUCT\000"
 1296      434F4E46 
 1296      49475F53 
 1296      54525543 
 1296      5400
 1297              	.LASF117:
 1298 02ad 73616D70 		.ascii	"sampleTime01\000"
 1298      6C655469 
 1298      6D653031 
 1298      00
 1299              	.LASF6:
 1300 02ba 73686F72 		.ascii	"short unsigned int\000"
 1300      7420756E 
 1300      7369676E 
 1300      65642069 
 1300      6E7400
 1301              	.LASF109:
 1302 02cd 75696E74 		.ascii	"uint32\000"
 1302      333200
 1303              	.LASF87:
 1304 02d4 6770696F 		.ascii	"gpioPrtCfgOutOffset\000"
 1304      50727443 
 1304      66674F75 
 1304      744F6666 
 1304      73657400 
 1305              	.LASF20:
 1306 02e8 666C6173 		.ascii	"flashcBase\000"
 1306      68634261 
 1306      736500
 1307              	.LASF8:
 1308 02f3 5F5F7569 		.ascii	"__uint32_t\000"
 1308      6E743332 
 1308      5F7400
 1309              	.LASF50:
 1310 02fe 70617373 		.ascii	"passSarChannels\000"
 1310      53617243 
 1310      68616E6E 
 1310      656C7300 
 1311              	.LASF134:
 1312 030e 6877436F 		.ascii	"hwConfigStc\000"
 1312      6E666967 
 1312      53746300 
 1313              	.LASF4:
 1314 031a 5F5F696E 		.ascii	"__int16_t\000"
 1314      7431365F 
 1314      7400
 1315              	.LASF143:
 1316 0324 5C5C4D61 		.ascii	"\\\\Mac\\Data\\VScode\\GIT\\Onethinx_Project_Exampl"
 1316      635C4461 
 1316      74615C56 
 1316      53636F64 
 1316      655C4749 
 1317 0351 65735C45 		.ascii	"es\\Example_DevKitLightSensor\\Onethinx_Creator.cyd"
 1317      78616D70 
 1317      6C655F44 
 1317      65764B69 
ARM GAS  C:\Users\Rolf\AppData\Local\Temp\ccU0uC7r.s 			page 27


 1317      744C6967 
 1318 0382 736E00   		.ascii	"sn\000"
 1319              	.LASF93:
 1320 0385 63707573 		.ascii	"cpussCm4PwrCtlOffset\000"
 1320      73436D34 
 1320      50777243 
 1320      746C4F66 
 1320      66736574 
 1321              	.LASF88:
 1322 039a 6770696F 		.ascii	"gpioPrtCfgSioOffset\000"
 1322      50727443 
 1322      66675369 
 1322      6F4F6666 
 1322      73657400 
 1323              	.LASF40:
 1324 03ae 63707573 		.ascii	"cpussDwChNr\000"
 1324      73447743 
 1324      684E7200 
 1325              	.LASF12:
 1326 03ba 756E7369 		.ascii	"unsigned int\000"
 1326      676E6564 
 1326      20696E74 
 1326      00
 1327              	.LASF15:
 1328 03c7 75696E74 		.ascii	"uint16_t\000"
 1328      31365F74 
 1328      00
 1329              	.LASF73:
 1330 03d0 70657269 		.ascii	"periTrCmdGrSelMsk\000"
 1330      5472436D 
 1330      64477253 
 1330      656C4D73 
 1330      6B00
 1331              	.LASF9:
 1332 03e2 6C6F6E67 		.ascii	"long unsigned int\000"
 1332      20756E73 
 1332      69676E65 
 1332      6420696E 
 1332      7400
 1333              	.LASF38:
 1334 03f4 63707573 		.ascii	"cpussIpcNr\000"
 1334      73497063 
 1334      4E7200
 1335              	.LASF25:
 1336 03ff 6770696F 		.ascii	"gpioBase\000"
 1336      42617365 
 1336      00
 1337              	.LASF63:
 1338 0408 666C6173 		.ascii	"flashCtlMainWs2Freq\000"
 1338      6843746C 
 1338      4D61696E 
 1338      57733246 
 1338      72657100 
 1339              	.LASF74:
 1340 041c 70657269 		.ascii	"periTrGrOffset\000"
 1340      54724772 
 1340      4F666673 
ARM GAS  C:\Users\Rolf\AppData\Local\Temp\ccU0uC7r.s 			page 28


 1340      657400
 1341              	.LASF101:
 1342 042b 63707573 		.ascii	"cpussRam1Ctl0\000"
 1342      7352616D 
 1342      3143746C 
 1342      3000
 1343              	.LASF119:
 1344 0439 72616E67 		.ascii	"rangeThres\000"
 1344      65546872 
 1344      657300
 1345              	.LASF75:
 1346 0444 70657269 		.ascii	"periTrGrSize\000"
 1346      54724772 
 1346      53697A65 
 1346      00
 1347              	.LASF33:
 1348 0451 6770696F 		.ascii	"gpioVersion\000"
 1348      56657273 
 1348      696F6E00 
 1349              	.LASF133:
 1350 045d 6E756D43 		.ascii	"numChannels\000"
 1350      68616E6E 
 1350      656C7300 
 1351              	.LASF105:
 1352 0469 63795F73 		.ascii	"cy_stc_device_t\000"
 1352      74635F64 
 1352      65766963 
 1352      655F7400 
 1353              	.LASF122:
 1354 0479 6368616E 		.ascii	"chanConfig\000"
 1354      436F6E66 
 1354      696700
 1355              	.LASF132:
 1356 0484 6368616E 		.ascii	"channelBase\000"
 1356      6E656C42 
 1356      61736500 
 1357              	.LASF51:
 1358 0490 65704D6F 		.ascii	"epMonitorNr\000"
 1358      6E69746F 
 1358      724E7200 
 1359              	.LASF98:
 1360 049c 63707573 		.ascii	"cpussCm4NmiCtlOffset\000"
 1360      73436D34 
 1360      4E6D6943 
 1360      746C4F66 
 1360      66736574 
 1361              	.LASF94:
 1362 04b1 63707573 		.ascii	"cpussTrimRamCtlOffset\000"
 1362      73547269 
 1362      6D52616D 
 1362      43746C4F 
 1362      66667365 
 1363              	.LASF89:
 1364 04c7 63707573 		.ascii	"cpussCm0ClockCtlOffset\000"
 1364      73436D30 
 1364      436C6F63 
 1364      6B43746C 
ARM GAS  C:\Users\Rolf\AppData\Local\Temp\ccU0uC7r.s 			page 29


 1364      4F666673 
 1365              	.LASF29:
 1366 04de 63707573 		.ascii	"cpussVersion\000"
 1366      73566572 
 1366      73696F6E 
 1366      00
 1367              	.LASF36:
 1368 04eb 70657269 		.ascii	"periVersion\000"
 1368      56657273 
 1368      696F6E00 
 1369              	.LASF92:
 1370 04f7 63707573 		.ascii	"cpussCm0StatusOffset\000"
 1370      73436D30 
 1370      53746174 
 1370      75734F66 
 1370      66736574 
 1371              	.LASF17:
 1372 050c 73697A65 		.ascii	"sizetype\000"
 1372      74797065 
 1372      00
 1373              	.LASF66:
 1374 0515 64774368 		.ascii	"dwChOffset\000"
 1374      4F666673 
 1374      657400
 1375              	.LASF142:
 1376 0520 47656E65 		.ascii	"Generated_Source\\PSoC6\\ADC_INIT.c\000"
 1376      72617465 
 1376      645F536F 
 1376      75726365 
 1376      5C50536F 
 1377              	.LASF118:
 1378 0542 73616D70 		.ascii	"sampleTime23\000"
 1378      6C655469 
 1378      6D653233 
 1378      00
 1379              	.LASF79:
 1380 054f 70657269 		.ascii	"periDivCmdPaTypeSelPos\000"
 1380      44697643 
 1380      6D645061 
 1380      54797065 
 1380      53656C50 
 1381              	.LASF102:
 1382 0566 63707573 		.ascii	"cpussRam2Ctl0\000"
 1382      7352616D 
 1382      3243746C 
 1382      3000
 1383              	.LASF128:
 1384 0574 636F6E66 		.ascii	"configRouting\000"
 1384      6967526F 
 1384      7574696E 
 1384      6700
 1385              	.LASF70:
 1386 0582 64775374 		.ascii	"dwStatusChIdxPos\000"
 1386      61747573 
 1386      43684964 
 1386      78506F73 
 1386      00
ARM GAS  C:\Users\Rolf\AppData\Local\Temp\ccU0uC7r.s 			page 30


 1387              	.LASF52:
 1388 0593 75646250 		.ascii	"udbPresent\000"
 1388      72657365 
 1388      6E7400
 1389              	.LASF32:
 1390 059e 666C6173 		.ascii	"flashcVersion\000"
 1390      68635665 
 1390      7273696F 
 1390      6E00
 1391              	.LASF28:
 1392 05ac 63727970 		.ascii	"cryptoBase\000"
 1392      746F4261 
 1392      736500
 1393              	.LASF49:
 1394 05b7 736D6966 		.ascii	"smifDeviceNr\000"
 1394      44657669 
 1394      63654E72 
 1394      00
 1395              	.LASF125:
 1396 05c4 72616E67 		.ascii	"rangeIntrMask\000"
 1396      65496E74 
 1396      724D6173 
 1396      6B00
 1397              	.LASF107:
 1398 05d2 666C6F61 		.ascii	"float\000"
 1398      7400
 1399              	.LASF71:
 1400 05d8 64775374 		.ascii	"dwStatusChIdxMsk\000"
 1400      61747573 
 1400      43684964 
 1400      784D736B 
 1400      00
 1401              	.LASF138:
 1402 05e9 63795F64 		.ascii	"cy_device\000"
 1402      65766963 
 1402      6500
 1403              	.LASF99:
 1404 05f3 63707573 		.ascii	"cpussRomCtl\000"
 1404      73526F6D 
 1404      43746C00 
 1405              	.LASF69:
 1406 05ff 64774368 		.ascii	"dwChCtlPreemptablePos\000"
 1406      43746C50 
 1406      7265656D 
 1406      70746162 
 1406      6C65506F 
 1407              	.LASF121:
 1408 0615 6368616E 		.ascii	"chanEn\000"
 1408      456E00
 1409              	.LASF22:
 1410 061c 75646242 		.ascii	"udbBase\000"
 1410      61736500 
 1411              	.LASF111:
 1412 0624 43595F53 		.ascii	"CY_SAR_RANGE_COND_INSIDE\000"
 1412      41525F52 
 1412      414E4745 
 1412      5F434F4E 
ARM GAS  C:\Users\Rolf\AppData\Local\Temp\ccU0uC7r.s 			page 31


 1412      445F494E 
 1413              	.LASF130:
 1414 063d 5F426F6F 		.ascii	"_Bool\000"
 1414      6C00
 1415              	.LASF1:
 1416 0643 756E7369 		.ascii	"unsigned char\000"
 1416      676E6564 
 1416      20636861 
 1416      7200
 1417              	.LASF65:
 1418 0651 666C6173 		.ascii	"flashCtlMainWs4Freq\000"
 1418      6843746C 
 1418      4D61696E 
 1418      57733446 
 1418      72657100 
 1419              	.LASF0:
 1420 0665 73686F72 		.ascii	"short int\000"
 1420      7420696E 
 1420      7400
 1421              	.LASF126:
 1422 066f 6D757853 		.ascii	"muxSwitch\000"
 1422      77697463 
 1422      6800
 1423              	.LASF123:
 1424 0679 696E7472 		.ascii	"intrMask\000"
 1424      4D61736B 
 1424      00
 1425              	.LASF76:
 1426 0682 70657269 		.ascii	"periDivCmdDivSelMsk\000"
 1426      44697643 
 1426      6D644469 
 1426      7653656C 
 1426      4D736B00 
 1427              	.LASF47:
 1428 0696 73727373 		.ascii	"srssNumHfroot\000"
 1428      4E756D48 
 1428      66726F6F 
 1428      7400
 1429              	.LASF60:
 1430 06a4 666C6173 		.ascii	"flashEraseDelay\000"
 1430      68457261 
 1430      73654465 
 1430      6C617900 
 1431              	.LASF80:
 1432 06b4 70657269 		.ascii	"periDiv8CtlOffset\000"
 1432      44697638 
 1432      43746C4F 
 1432      66667365 
 1432      7400
 1433              	.LASF16:
 1434 06c6 75696E74 		.ascii	"uint32_t\000"
 1434      33325F74 
 1434      00
 1435              	.LASF129:
 1436 06cf 76726566 		.ascii	"vrefMvValue\000"
 1436      4D765661 
 1436      6C756500 
ARM GAS  C:\Users\Rolf\AppData\Local\Temp\ccU0uC7r.s 			page 32


 1437              	.LASF141:
 1438 06db 474E5520 		.ascii	"GNU C11 5.4.1 20160609 (release) [ARM/embedded-5-br"
 1438      43313120 
 1438      352E342E 
 1438      31203230 
 1438      31363036 
 1439 070e 616E6368 		.ascii	"anch revision 237715] -mcpu=cortex-m0plus -mthumb -"
 1439      20726576 
 1439      6973696F 
 1439      6E203233 
 1439      37373135 
 1440 0741 67202D4F 		.ascii	"g -Og -ffunction-sections -ffat-lto-objects\000"
 1440      67202D66 
 1440      66756E63 
 1440      74696F6E 
 1440      2D736563 
 1441              	.LASF18:
 1442 076d 6C6F6E67 		.ascii	"long double\000"
 1442      20646F75 
 1442      626C6500 
 1443              	.LASF106:
 1444 0779 63686172 		.ascii	"char\000"
 1444      00
 1445              	.LASF37:
 1446 077e 70726F74 		.ascii	"protVersion\000"
 1446      56657273 
 1446      696F6E00 
 1447              	.LASF100:
 1448 078a 63707573 		.ascii	"cpussRam0Ctl0\000"
 1448      7352616D 
 1448      3043746C 
 1448      3000
 1449              	.LASF140:
 1450 0798 4144435F 		.ascii	"ADC_allConfigs\000"
 1450      616C6C43 
 1450      6F6E6669 
 1450      677300
 1451              	.LASF5:
 1452 07a7 5F5F7569 		.ascii	"__uint16_t\000"
 1452      6E743136 
 1452      5F7400
 1453              	.LASF81:
 1454 07b2 70657269 		.ascii	"periDiv16CtlOffset\000"
 1454      44697631 
 1454      3643746C 
 1454      4F666673 
 1454      657400
 1455              	.LASF34:
 1456 07c5 6873696F 		.ascii	"hsiomVersion\000"
 1456      6D566572 
 1456      73696F6E 
 1456      00
 1457              	.LASF115:
 1458 07d2 6374726C 		.ascii	"ctrl\000"
 1458      00
 1459              	.LASF62:
 1460 07d7 666C6173 		.ascii	"flashCtlMainWs1Freq\000"
ARM GAS  C:\Users\Rolf\AppData\Local\Temp\ccU0uC7r.s 			page 33


 1460      6843746C 
 1460      4D61696E 
 1460      57733146 
 1460      72657100 
 1461              	.LASF135:
 1462 07eb 6D697363 		.ascii	"miscConfig\000"
 1462      436F6E66 
 1462      696700
 1463              	.LASF67:
 1464 07f6 64774368 		.ascii	"dwChSize\000"
 1464      53697A65 
 1464      00
 1465              	.LASF103:
 1466 07ff 69706353 		.ascii	"ipcStructSize\000"
 1466      74727563 
 1466      7453697A 
 1466      6500
 1467              	.LASF42:
 1468 080d 63707573 		.ascii	"cpussIpc0Irq\000"
 1468      73497063 
 1468      30497271 
 1468      00
 1469              	.LASF85:
 1470 081a 6770696F 		.ascii	"gpioPrtCfgOffset\000"
 1470      50727443 
 1470      66674F66 
 1470      66736574 
 1470      00
 1471              	.LASF120:
 1472 082b 72616E67 		.ascii	"rangeCond\000"
 1472      65436F6E 
 1472      6400
 1473              	.LASF44:
 1474 0835 63707573 		.ascii	"cpussNotConnectedIrq\000"
 1474      734E6F74 
 1474      436F6E6E 
 1474      65637465 
 1474      64497271 
 1475              	.LASF58:
 1476 084a 666C6173 		.ascii	"flashWriteDelay\000"
 1476      68577269 
 1476      74654465 
 1476      6C617900 
 1477              	.LASF116:
 1478 085a 73616D70 		.ascii	"sampleCtrl\000"
 1478      6C654374 
 1478      726C00
 1479              	.LASF13:
 1480 0865 75696E74 		.ascii	"uint8_t\000"
 1480      385F7400 
 1481              	.LASF91:
 1482 086d 63707573 		.ascii	"cpussCm4StatusOffset\000"
 1482      73436D34 
 1482      53746174 
 1482      75734F66 
 1482      66736574 
 1483              	.LASF84:
ARM GAS  C:\Users\Rolf\AppData\Local\Temp\ccU0uC7r.s 			page 34


 1484 0882 6770696F 		.ascii	"gpioPrtIntrCfgOffset\000"
 1484      50727449 
 1484      6E747243 
 1484      66674F66 
 1484      66736574 
 1485              	.LASF113:
 1486 0897 43595F53 		.ascii	"CY_SAR_RANGE_COND_OUTSIDE\000"
 1486      41525F52 
 1486      414E4745 
 1486      5F434F4E 
 1486      445F4F55 
 1487              	.LASF95:
 1488 08b1 63707573 		.ascii	"cpussTrimRomCtlOffset\000"
 1488      73547269 
 1488      6D526F6D 
 1488      43746C4F 
 1488      66667365 
 1489              	.LASF45:
 1490 08c7 73727373 		.ascii	"srssNumClkpath\000"
 1490      4E756D43 
 1490      6C6B7061 
 1490      746800
 1491              	.LASF127:
 1492 08d6 6D757853 		.ascii	"muxSwitchSqCtrl\000"
 1492      77697463 
 1492      68537143 
 1492      74726C00 
 1493              	.LASF31:
 1494 08e6 64775665 		.ascii	"dwVersion\000"
 1494      7273696F 
 1494      6E00
 1495              	.LASF27:
 1496 08f0 69706342 		.ascii	"ipcBase\000"
 1496      61736500 
 1497              	.LASF78:
 1498 08f8 70657269 		.ascii	"periDivCmdPaDivSelPos\000"
 1498      44697643 
 1498      6D645061 
 1498      44697653 
 1498      656C506F 
 1499              	.LASF59:
 1500 090e 666C6173 		.ascii	"flashProgramDelay\000"
 1500      6850726F 
 1500      6772616D 
 1500      44656C61 
 1500      7900
 1501              	.LASF41:
 1502 0920 63707573 		.ascii	"cpussFlashPaSize\000"
 1502      73466C61 
 1502      73685061 
 1502      53697A65 
 1502      00
 1503              	.LASF56:
 1504 0931 666C6173 		.ascii	"flashRwwRequired\000"
 1504      68527777 
 1504      52657175 
 1504      69726564 
ARM GAS  C:\Users\Rolf\AppData\Local\Temp\ccU0uC7r.s 			page 35


 1504      00
 1505              		.ident	"GCC: (GNU Tools for ARM Embedded Processors) 5.4.1 20160609 (release) [ARM/embedded-5-bran
